D:\klMatrixCore\x64\Debug\cl.command.1.tlog
D:\klMatrixCore\x64\Debug\CL.read.1.tlog
D:\klMatrixCore\x64\Debug\CL.write.1.tlog
D:\klMatrixCore\x64\Debug\icl.command.1.tlog
D:\klMatrixCore\x64\Debug\icl.read.1.tlog
D:\klMatrixCore\x64\Debug\icl.write.1.tlog
D:\klMatrixCore\x64\Debug\icl-mcpcom.read.1.tlog
D:\klMatrixCore\x64\Debug\icl-mcpcom.write.1.tlog
D:\KLMATRIXCORE\X64\DEBUG\KL_ARPACK.OBJ
D:\KLMATRIXCORE\X64\DEBUG\KL_ARPACK_NON_SYM_DENSE.OBJ
D:\KLMATRIXCORE\X64\DEBUG\KL_ARPACK_SYM_DENSE.OBJ
D:\KLMATRIXCORE\X64\DEBUG\KL_BOOST_TEST_BASIC_MATRIX_MATH.OBJ
D:\KLMATRIXCORE\X64\DEBUG\KL_BOOST_TEST_COMPLEX_VSL_FUNCTIONS.OBJ
D:\KLMATRIXCORE\X64\DEBUG\KL_BOOST_TEST_MAIN.OBJ
D:\KLMATRIXCORE\X64\DEBUG\KL_CDHC_DISTRIBUTION_TESTS.OBJ
D:\KLMATRIXCORE\X64\DEBUG\KL_HARDWARE.OBJ
D:\KLMATRIXCORE\X64\DEBUG\KL_LATEX_HELPER_FNS.OBJ
D:\KLMATRIXCORE\X64\DEBUG\KL_MATRIX_EXPONENTIAL.OBJ
D:\KLMATRIXCORE\X64\DEBUG\KL_MEMORY.OBJ
D:\KLMATRIXCORE\X64\DEBUG\KL_ML_HELPER_FNS.OBJ
D:\KLMATRIXCORE\X64\DEBUG\KL_MULTIVARIATE_RANDOM_VARIABLE.OBJ
D:\KLMATRIXCORE\X64\DEBUG\KL_RANDOM_NUMBER_GENERATOR.OBJ
D:\KLMATRIXCORE\X64\DEBUG\KL_SDPA.OBJ
D:\KLMATRIXCORE\X64\DEBUG\KL_SEH.OBJ
D:\KLMATRIXCORE\X64\DEBUG\KL_STACK_WALKER.OBJ
D:\KLMATRIXCORE\X64\DEBUG\KL_THREADED_WORKFLOW_DEMO.OBJ
D:\KLMATRIXCORE\X64\DEBUG\KL_UTIL.OBJ
D:\KLMATRIXCORE\X64\DEBUG\KL_VECTOR.OBJ
D:\KLMATRIXCORE\X64\DEBUG\KL_VSL.OBJ
D:\KLMATRIXCORE\X64\DEBUG\KLFGGTEST.OBJ
D:\KLMATRIXCORE\X64\DEBUG\KLINTEGRATIONTEST.OBJ
D:\klMatrixCore\x64\Debug\klMatrixCore.vcxprojResolveAssemblyReference.cache
D:\KLMATRIXCORE\X64\DEBUG\KLMATRIXCOREBOOSTUNITTEST.EXE.EMBED.MANIFEST
D:\KLMATRIXCORE\X64\DEBUG\KLMATRIXCOREBOOSTUNITTEST.EXE.EMBED.MANIFEST.RES
D:\KLMATRIXCORE\X64\DEBUG\KLMATRIXCOREBOOSTUNITTEST.EXE.INTERMEDIATE.MANIFEST
D:\klMatrixCore\x64\Debug\klMatrixCoreBoostUnitTest.vcxprojResolveAssemblyReference.cache
D:\klMatrixCore\x64\Debug\klMatrixCoreBoostUnitTest.write.1.tlog
D:\klMatrixCore\x64\Debug\klMatrixCoreBoostUnitTest_manifest.rc
D:\KLMATRIXCORE\X64\DEBUG\KLMATRIXCOREINTEGRATIONTEST.EXE.EMBED.MANIFEST
D:\KLMATRIXCORE\X64\DEBUG\KLMATRIXCOREINTEGRATIONTEST.EXE.EMBED.MANIFEST.RES
D:\KLMATRIXCORE\X64\DEBUG\KLMATRIXCOREINTEGRATIONTEST.EXE.INTERMEDIATE.MANIFEST
D:\klMatrixCore\x64\Debug\klMatrixCoreIntegrationTest.write.1.tlog
D:\klMatrixCore\x64\Debug\klMatrixCoreIntegrationTest_manifest.rc
D:\klMatrixCore\x64\Debug\klMatrixCoreLib.vcxprojResolveAssemblyReference.cache
D:\klMatrixCore\x64\Debug\klMatrixCoreLib.write.1.tlog
D:\KLMATRIXCORE\X64\DEBUG\KLMATRIXCORETEST.OBJ
D:\KLMATRIXCORE\X64\DEBUG\KLPERFORMANCETEST.OBJ
D:\klMatrixCore\x64\Debug\lib.command.1.tlog
D:\klMatrixCore\x64\Debug\Lib-link.read.1.tlog
D:\klMatrixCore\x64\Debug\Lib-link.write.1.tlog
D:\klMatrixCore\x64\Debug\mt.command.1.tlog
D:\klMatrixCore\x64\Debug\mt.read.1.tlog
D:\klMatrixCore\x64\Debug\mt.write.1.tlog
D:\klMatrixCore\x64\Debug\rc.command.1.tlog
D:\klMatrixCore\x64\Debug\rc.read.1.tlog
D:\klMatrixCore\x64\Debug\rc.write.1.tlog
D:\KLMATRIXCORE\X64\DEBUG\STUB.OBJ
D:\KLMATRIXCORE\X64\DEBUG\TESTRANDOMBALLCOVER.OBJ
D:\klMatrixCore\x64\Debug\vc100.idb
D:\KLMATRIXCORE\X64\DEBUG\VC100.PDB
D:\klMatrixCore\x64\Debug\xilink.command.1.tlog
D:\klMatrixCore\x64\Debug\xilink.read.1.tlog
D:\klMatrixCore\x64\Debug\xilink.write.1.tlog
D:\klMatrixCore\x64\Debug\xilink-link.10052.read.1.tlog
D:\klMatrixCore\x64\Debug\xilink-link.10052.write.1.tlog
D:\klMatrixCore\x64\Debug\xilink-link.10052-cvtres.read.1.tlog
D:\klMatrixCore\x64\Debug\xilink-link.10052-cvtres.write.1.tlog
D:\klMatrixCore\x64\Debug\xilink-link.10060.read.1.tlog
D:\klMatrixCore\x64\Debug\xilink-link.10060.write.1.tlog
D:\klMatrixCore\x64\Debug\xilink-link.10060-cvtres.read.1.tlog
D:\klMatrixCore\x64\Debug\xilink-link.10060-cvtres.write.1.tlog
D:\klMatrixCore\x64\Debug\xilink-link.10064.read.1.tlog
D:\klMatrixCore\x64\Debug\xilink-link.10064.write.1.tlog
D:\klMatrixCore\x64\Debug\xilink-link.10064-cvtres.read.1.tlog
D:\klMatrixCore\x64\Debug\xilink-link.10064-cvtres.write.1.tlog
D:\klMatrixCore\x64\Debug\xilink-link.10068.read.1.tlog
D:\klMatrixCore\x64\Debug\xilink-link.10068.write.1.tlog
D:\klMatrixCore\x64\Debug\xilink-link.10068-cvtres.read.1.tlog
D:\klMatrixCore\x64\Debug\xilink-link.10068-cvtres.write.1.tlog
D:\klMatrixCore\x64\Debug\xilink-link.10164.read.1.tlog
D:\klMatrixCore\x64\Debug\xilink-link.10164.write.1.tlog
D:\klMatrixCore\x64\Debug\xilink-link.10164-cvtres.read.1.tlog
D:\klMatrixCore\x64\Debug\xilink-link.10164-cvtres.write.1.tlog
D:\klMatrixCore\x64\Debug\xilink-link.10196.read.1.tlog
D:\klMatrixCore\x64\Debug\xilink-link.10196.write.1.tlog
D:\klMatrixCore\x64\Debug\xilink-link.10196-cvtres.read.1.tlog
D:\klMatrixCore\x64\Debug\xilink-link.10196-cvtres.write.1.tlog
D:\klMatrixCore\x64\Debug\xilink-link.10236.read.1.tlog
D:\klMatrixCore\x64\Debug\xilink-link.10236.write.1.tlog
D:\klMatrixCore\x64\Debug\xilink-link.10236-cvtres.read.1.tlog
D:\klMatrixCore\x64\Debug\xilink-link.10236-cvtres.write.1.tlog
D:\klMatrixCore\x64\Debug\xilink-link.10436.read.1.tlog
D:\klMatrixCore\x64\Debug\xilink-link.10436.write.1.tlog
D:\klMatrixCore\x64\Debug\xilink-link.10436-cvtres.read.1.tlog
D:\klMatrixCore\x64\Debug\xilink-link.10436-cvtres.write.1.tlog
D:\klMatrixCore\x64\Debug\xilink-link.10480.read.1.tlog
D:\klMatrixCore\x64\Debug\xilink-link.10480.read.2.tlog
D:\klMatrixCore\x64\Debug\xilink-link.10480.write.1.tlog
D:\klMatrixCore\x64\Debug\xilink-link.10480-cvtres.read.1.tlog
D:\klMatrixCore\x64\Debug\xilink-link.10480-cvtres.write.1.tlog
D:\klMatrixCore\x64\Debug\xilink-link.1056.read.1.tlog
D:\klMatrixCore\x64\Debug\xilink-link.1056.write.1.tlog
D:\klMatrixCore\x64\Debug\xilink-link.1056-cvtres.read.1.tlog
D:\klMatrixCore\x64\Debug\xilink-link.1056-cvtres.write.1.tlog
D:\klMatrixCore\x64\Debug\xilink-link.10628.read.1.tlog
D:\klMatrixCore\x64\Debug\xilink-link.10628.write.1.tlog
D:\klMatrixCore\x64\Debug\xilink-link.10628-cvtres.read.1.tlog
D:\klMatrixCore\x64\Debug\xilink-link.10628-cvtres.write.1.tlog
D:\klMatrixCore\x64\Debug\xilink-link.10636.read.1.tlog
D:\klMatrixCore\x64\Debug\xilink-link.10636.write.1.tlog
D:\klMatrixCore\x64\Debug\xilink-link.10636-cvtres.read.1.tlog
D:\klMatrixCore\x64\Debug\xilink-link.10636-cvtres.write.1.tlog
D:\klMatrixCore\x64\Debug\xilink-link.10724.read.1.tlog
D:\klMatrixCore\x64\Debug\xilink-link.10724.write.1.tlog
D:\klMatrixCore\x64\Debug\xilink-link.10724-cvtres.read.1.tlog
D:\klMatrixCore\x64\Debug\xilink-link.10724-cvtres.write.1.tlog
D:\klMatrixCore\x64\Debug\xilink-link.10756.read.1.tlog
D:\klMatrixCore\x64\Debug\xilink-link.10756.write.1.tlog
D:\klMatrixCore\x64\Debug\xilink-link.10756-cvtres.read.1.tlog
D:\klMatrixCore\x64\Debug\xilink-link.10756-cvtres.write.1.tlog
D:\klMatrixCore\x64\Debug\xilink-link.10772.read.1.tlog
D:\klMatrixCore\x64\Debug\xilink-link.10772.write.1.tlog
D:\klMatrixCore\x64\Debug\xilink-link.10772-cvtres.read.1.tlog
D:\klMatrixCore\x64\Debug\xilink-link.10772-cvtres.write.1.tlog
D:\klMatrixCore\x64\Debug\xilink-link.10792.read.1.tlog
D:\klMatrixCore\x64\Debug\xilink-link.10792.write.1.tlog
D:\klMatrixCore\x64\Debug\xilink-link.10792-cvtres.read.1.tlog
D:\klMatrixCore\x64\Debug\xilink-link.10792-cvtres.write.1.tlog
D:\klMatrixCore\x64\Debug\xilink-link.10796.read.1.tlog
D:\klMatrixCore\x64\Debug\xilink-link.10796.write.1.tlog
D:\klMatrixCore\x64\Debug\xilink-link.10796-cvtres.read.1.tlog
D:\klMatrixCore\x64\Debug\xilink-link.10796-cvtres.write.1.tlog
D:\klMatrixCore\x64\Debug\xilink-link.1080.read.1.tlog
D:\klMatrixCore\x64\Debug\xilink-link.1080.write.1.tlog
D:\klMatrixCore\x64\Debug\xilink-link.1080-cvtres.read.1.tlog
D:\klMatrixCore\x64\Debug\xilink-link.1080-cvtres.write.1.tlog
D:\klMatrixCore\x64\Debug\xilink-link.10880.read.1.tlog
D:\klMatrixCore\x64\Debug\xilink-link.10880.write.1.tlog
D:\klMatrixCore\x64\Debug\xilink-link.10880-cvtres.read.1.tlog
D:\klMatrixCore\x64\Debug\xilink-link.10880-cvtres.write.1.tlog
D:\klMatrixCore\x64\Debug\xilink-link.10980.read.1.tlog
D:\klMatrixCore\x64\Debug\xilink-link.10980.write.1.tlog
D:\klMatrixCore\x64\Debug\xilink-link.10980-cvtres.read.1.tlog
D:\klMatrixCore\x64\Debug\xilink-link.10980-cvtres.write.1.tlog
D:\klMatrixCore\x64\Debug\xilink-link.11140.read.1.tlog
D:\klMatrixCore\x64\Debug\xilink-link.11140.write.1.tlog
D:\klMatrixCore\x64\Debug\xilink-link.11140-cvtres.read.1.tlog
D:\klMatrixCore\x64\Debug\xilink-link.11140-cvtres.write.1.tlog
D:\klMatrixCore\x64\Debug\xilink-link.11304.read.1.tlog
D:\klMatrixCore\x64\Debug\xilink-link.11304.write.1.tlog
D:\klMatrixCore\x64\Debug\xilink-link.11304-cvtres.read.1.tlog
D:\klMatrixCore\x64\Debug\xilink-link.11304-cvtres.write.1.tlog
D:\klMatrixCore\x64\Debug\xilink-link.11312.read.1.tlog
D:\klMatrixCore\x64\Debug\xilink-link.11312.write.1.tlog
D:\klMatrixCore\x64\Debug\xilink-link.11312-cvtres.read.1.tlog
D:\klMatrixCore\x64\Debug\xilink-link.11312-cvtres.write.1.tlog
D:\klMatrixCore\x64\Debug\xilink-link.1132.read.1.tlog
D:\klMatrixCore\x64\Debug\xilink-link.1132.write.1.tlog
D:\klMatrixCore\x64\Debug\xilink-link.1132-cvtres.read.1.tlog
D:\klMatrixCore\x64\Debug\xilink-link.1132-cvtres.write.1.tlog
D:\klMatrixCore\x64\Debug\xilink-link.1140.read.1.tlog
D:\klMatrixCore\x64\Debug\xilink-link.1140.write.1.tlog
D:\klMatrixCore\x64\Debug\xilink-link.1140-cvtres.read.1.tlog
D:\klMatrixCore\x64\Debug\xilink-link.1140-cvtres.write.1.tlog
D:\klMatrixCore\x64\Debug\xilink-link.11428.read.1.tlog
D:\klMatrixCore\x64\Debug\xilink-link.11428.write.1.tlog
D:\klMatrixCore\x64\Debug\xilink-link.11428-cvtres.read.1.tlog
D:\klMatrixCore\x64\Debug\xilink-link.11428-cvtres.write.1.tlog
D:\klMatrixCore\x64\Debug\xilink-link.11500.read.1.tlog
D:\klMatrixCore\x64\Debug\xilink-link.11500.write.1.tlog
D:\klMatrixCore\x64\Debug\xilink-link.11500-cvtres.read.1.tlog
D:\klMatrixCore\x64\Debug\xilink-link.11500-cvtres.write.1.tlog
D:\klMatrixCore\x64\Debug\xilink-link.11504.read.1.tlog
D:\klMatrixCore\x64\Debug\xilink-link.11504.read.2.tlog
D:\klMatrixCore\x64\Debug\xilink-link.11504.write.1.tlog
D:\klMatrixCore\x64\Debug\xilink-link.11504-cvtres.read.1.tlog
D:\klMatrixCore\x64\Debug\xilink-link.11504-cvtres.write.1.tlog
D:\klMatrixCore\x64\Debug\xilink-link.1156.read.1.tlog
D:\klMatrixCore\x64\Debug\xilink-link.1156.write.1.tlog
D:\klMatrixCore\x64\Debug\xilink-link.1156-cvtres.read.1.tlog
D:\klMatrixCore\x64\Debug\xilink-link.1156-cvtres.write.1.tlog
D:\klMatrixCore\x64\Debug\xilink-link.11584.read.1.tlog
D:\klMatrixCore\x64\Debug\xilink-link.11584.write.1.tlog
D:\klMatrixCore\x64\Debug\xilink-link.11584-cvtres.read.1.tlog
D:\klMatrixCore\x64\Debug\xilink-link.11584-cvtres.write.1.tlog
D:\klMatrixCore\x64\Debug\xilink-link.11596.read.1.tlog
D:\klMatrixCore\x64\Debug\xilink-link.11596.write.1.tlog
D:\klMatrixCore\x64\Debug\xilink-link.11596-cvtres.read.1.tlog
D:\klMatrixCore\x64\Debug\xilink-link.11596-cvtres.write.1.tlog
D:\klMatrixCore\x64\Debug\xilink-link.11800.read.1.tlog
D:\klMatrixCore\x64\Debug\xilink-link.11800.write.1.tlog
D:\klMatrixCore\x64\Debug\xilink-link.11800-cvtres.read.1.tlog
D:\klMatrixCore\x64\Debug\xilink-link.11800-cvtres.write.1.tlog
D:\klMatrixCore\x64\Debug\xilink-link.11852.read.1.tlog
D:\klMatrixCore\x64\Debug\xilink-link.11852.write.1.tlog
D:\klMatrixCore\x64\Debug\xilink-link.11852-cvtres.read.1.tlog
D:\klMatrixCore\x64\Debug\xilink-link.11852-cvtres.write.1.tlog
D:\klMatrixCore\x64\Debug\xilink-link.12216.read.1.tlog
D:\klMatrixCore\x64\Debug\xilink-link.12216.write.1.tlog
D:\klMatrixCore\x64\Debug\xilink-link.12216-cvtres.read.1.tlog
D:\klMatrixCore\x64\Debug\xilink-link.12216-cvtres.write.1.tlog
D:\klMatrixCore\x64\Debug\xilink-link.12332.read.1.tlog
D:\klMatrixCore\x64\Debug\xilink-link.12332.write.1.tlog
D:\klMatrixCore\x64\Debug\xilink-link.12332-cvtres.read.1.tlog
D:\klMatrixCore\x64\Debug\xilink-link.12332-cvtres.write.1.tlog
D:\klMatrixCore\x64\Debug\xilink-link.12364.read.1.tlog
D:\klMatrixCore\x64\Debug\xilink-link.12364.write.1.tlog
D:\klMatrixCore\x64\Debug\xilink-link.12364-cvtres.read.1.tlog
D:\klMatrixCore\x64\Debug\xilink-link.12364-cvtres.write.1.tlog
D:\klMatrixCore\x64\Debug\xilink-link.12404.read.1.tlog
D:\klMatrixCore\x64\Debug\xilink-link.12404.write.1.tlog
D:\klMatrixCore\x64\Debug\xilink-link.12404-cvtres.read.1.tlog
D:\klMatrixCore\x64\Debug\xilink-link.12404-cvtres.write.1.tlog
D:\klMatrixCore\x64\Debug\xilink-link.12412.read.1.tlog
D:\klMatrixCore\x64\Debug\xilink-link.12412.write.1.tlog
D:\klMatrixCore\x64\Debug\xilink-link.12412-cvtres.read.1.tlog
D:\klMatrixCore\x64\Debug\xilink-link.12412-cvtres.write.1.tlog
D:\klMatrixCore\x64\Debug\xilink-link.12420.read.1.tlog
D:\klMatrixCore\x64\Debug\xilink-link.12420.write.1.tlog
D:\klMatrixCore\x64\Debug\xilink-link.12420-cvtres.read.1.tlog
D:\klMatrixCore\x64\Debug\xilink-link.12420-cvtres.write.1.tlog
D:\klMatrixCore\x64\Debug\xilink-link.12480.read.1.tlog
D:\klMatrixCore\x64\Debug\xilink-link.12480.write.1.tlog
D:\klMatrixCore\x64\Debug\xilink-link.12480-cvtres.read.1.tlog
D:\klMatrixCore\x64\Debug\xilink-link.12480-cvtres.write.1.tlog
D:\klMatrixCore\x64\Debug\xilink-link.12504.read.1.tlog
D:\klMatrixCore\x64\Debug\xilink-link.12504.write.1.tlog
D:\klMatrixCore\x64\Debug\xilink-link.12504-cvtres.read.1.tlog
D:\klMatrixCore\x64\Debug\xilink-link.12504-cvtres.write.1.tlog
D:\klMatrixCore\x64\Debug\xilink-link.12520.read.1.tlog
D:\klMatrixCore\x64\Debug\xilink-link.12520.write.1.tlog
D:\klMatrixCore\x64\Debug\xilink-link.12520-cvtres.read.1.tlog
D:\klMatrixCore\x64\Debug\xilink-link.12520-cvtres.write.1.tlog
D:\klMatrixCore\x64\Debug\xilink-link.12664.read.1.tlog
D:\klMatrixCore\x64\Debug\xilink-link.12664.write.1.tlog
D:\klMatrixCore\x64\Debug\xilink-link.12664-cvtres.read.1.tlog
D:\klMatrixCore\x64\Debug\xilink-link.12664-cvtres.write.1.tlog
D:\klMatrixCore\x64\Debug\xilink-link.12700.read.1.tlog
D:\klMatrixCore\x64\Debug\xilink-link.12700.write.1.tlog
D:\klMatrixCore\x64\Debug\xilink-link.12700-cvtres.read.1.tlog
D:\klMatrixCore\x64\Debug\xilink-link.12700-cvtres.write.1.tlog
D:\klMatrixCore\x64\Debug\xilink-link.12764.read.1.tlog
D:\klMatrixCore\x64\Debug\xilink-link.12764.write.1.tlog
D:\klMatrixCore\x64\Debug\xilink-link.12764-cvtres.read.1.tlog
D:\klMatrixCore\x64\Debug\xilink-link.12764-cvtres.write.1.tlog
D:\klMatrixCore\x64\Debug\xilink-link.12788.read.1.tlog
D:\klMatrixCore\x64\Debug\xilink-link.12788.write.1.tlog
D:\klMatrixCore\x64\Debug\xilink-link.12788-cvtres.read.1.tlog
D:\klMatrixCore\x64\Debug\xilink-link.12788-cvtres.write.1.tlog
D:\klMatrixCore\x64\Debug\xilink-link.12932.read.1.tlog
D:\klMatrixCore\x64\Debug\xilink-link.12932.write.1.tlog
D:\klMatrixCore\x64\Debug\xilink-link.12932-cvtres.read.1.tlog
D:\klMatrixCore\x64\Debug\xilink-link.12932-cvtres.write.1.tlog
D:\klMatrixCore\x64\Debug\xilink-link.13208.read.1.tlog
D:\klMatrixCore\x64\Debug\xilink-link.13208.write.1.tlog
D:\klMatrixCore\x64\Debug\xilink-link.13208-cvtres.read.1.tlog
D:\klMatrixCore\x64\Debug\xilink-link.13208-cvtres.write.1.tlog
D:\klMatrixCore\x64\Debug\xilink-link.13212.read.1.tlog
D:\klMatrixCore\x64\Debug\xilink-link.13212.read.2.tlog
D:\klMatrixCore\x64\Debug\xilink-link.13212.write.1.tlog
D:\klMatrixCore\x64\Debug\xilink-link.13212-cvtres.read.1.tlog
D:\klMatrixCore\x64\Debug\xilink-link.13212-cvtres.write.1.tlog
D:\klMatrixCore\x64\Debug\xilink-link.13356.read.1.tlog
D:\klMatrixCore\x64\Debug\xilink-link.13356.write.1.tlog
D:\klMatrixCore\x64\Debug\xilink-link.13356-cvtres.read.1.tlog
D:\klMatrixCore\x64\Debug\xilink-link.13356-cvtres.write.1.tlog
D:\klMatrixCore\x64\Debug\xilink-link.13512.read.1.tlog
D:\klMatrixCore\x64\Debug\xilink-link.13512.write.1.tlog
D:\klMatrixCore\x64\Debug\xilink-link.13512-cvtres.read.1.tlog
D:\klMatrixCore\x64\Debug\xilink-link.13512-cvtres.write.1.tlog
D:\klMatrixCore\x64\Debug\xilink-link.13560.read.1.tlog
D:\klMatrixCore\x64\Debug\xilink-link.13560.write.1.tlog
D:\klMatrixCore\x64\Debug\xilink-link.13560-cvtres.read.1.tlog
D:\klMatrixCore\x64\Debug\xilink-link.13560-cvtres.write.1.tlog
D:\klMatrixCore\x64\Debug\xilink-link.13856.read.1.tlog
D:\klMatrixCore\x64\Debug\xilink-link.13856.write.1.tlog
D:\klMatrixCore\x64\Debug\xilink-link.13856-cvtres.read.1.tlog
D:\klMatrixCore\x64\Debug\xilink-link.13856-cvtres.write.1.tlog
D:\klMatrixCore\x64\Debug\xilink-link.13896.read.1.tlog
D:\klMatrixCore\x64\Debug\xilink-link.13896.write.1.tlog
D:\klMatrixCore\x64\Debug\xilink-link.13896-cvtres.read.1.tlog
D:\klMatrixCore\x64\Debug\xilink-link.13896-cvtres.write.1.tlog
D:\klMatrixCore\x64\Debug\xilink-link.1404.read.1.tlog
D:\klMatrixCore\x64\Debug\xilink-link.1404.write.1.tlog
D:\klMatrixCore\x64\Debug\xilink-link.1404-cvtres.read.1.tlog
D:\klMatrixCore\x64\Debug\xilink-link.1404-cvtres.write.1.tlog
D:\klMatrixCore\x64\Debug\xilink-link.14096.read.1.tlog
D:\klMatrixCore\x64\Debug\xilink-link.14096.write.1.tlog
D:\klMatrixCore\x64\Debug\xilink-link.14096-cvtres.read.1.tlog
D:\klMatrixCore\x64\Debug\xilink-link.14096-cvtres.write.1.tlog
D:\klMatrixCore\x64\Debug\xilink-link.1412.read.1.tlog
D:\klMatrixCore\x64\Debug\xilink-link.1412.write.1.tlog
D:\klMatrixCore\x64\Debug\xilink-link.1412-cvtres.read.1.tlog
D:\klMatrixCore\x64\Debug\xilink-link.1412-cvtres.write.1.tlog
D:\klMatrixCore\x64\Debug\xilink-link.14160.read.1.tlog
D:\klMatrixCore\x64\Debug\xilink-link.14160.write.1.tlog
D:\klMatrixCore\x64\Debug\xilink-link.14160-cvtres.read.1.tlog
D:\klMatrixCore\x64\Debug\xilink-link.14160-cvtres.write.1.tlog
D:\klMatrixCore\x64\Debug\xilink-link.14176.read.1.tlog
D:\klMatrixCore\x64\Debug\xilink-link.14176.write.1.tlog
D:\klMatrixCore\x64\Debug\xilink-link.14176-cvtres.read.1.tlog
D:\klMatrixCore\x64\Debug\xilink-link.14176-cvtres.write.1.tlog
D:\klMatrixCore\x64\Debug\xilink-link.14256.read.1.tlog
D:\klMatrixCore\x64\Debug\xilink-link.14256.write.1.tlog
D:\klMatrixCore\x64\Debug\xilink-link.14256-cvtres.read.1.tlog
D:\klMatrixCore\x64\Debug\xilink-link.14256-cvtres.write.1.tlog
D:\klMatrixCore\x64\Debug\xilink-link.14340.read.1.tlog
D:\klMatrixCore\x64\Debug\xilink-link.14340.write.1.tlog
D:\klMatrixCore\x64\Debug\xilink-link.14340-cvtres.read.1.tlog
D:\klMatrixCore\x64\Debug\xilink-link.14340-cvtres.write.1.tlog
D:\klMatrixCore\x64\Debug\xilink-link.14412.read.1.tlog
D:\klMatrixCore\x64\Debug\xilink-link.14412.write.1.tlog
D:\klMatrixCore\x64\Debug\xilink-link.14412-cvtres.read.1.tlog
D:\klMatrixCore\x64\Debug\xilink-link.14412-cvtres.write.1.tlog
D:\klMatrixCore\x64\Debug\xilink-link.14528.read.1.tlog
D:\klMatrixCore\x64\Debug\xilink-link.14528.write.1.tlog
D:\klMatrixCore\x64\Debug\xilink-link.14528-cvtres.read.1.tlog
D:\klMatrixCore\x64\Debug\xilink-link.14528-cvtres.write.1.tlog
D:\klMatrixCore\x64\Debug\xilink-link.1496.read.1.tlog
D:\klMatrixCore\x64\Debug\xilink-link.1496.write.1.tlog
D:\klMatrixCore\x64\Debug\xilink-link.1496-cvtres.read.1.tlog
D:\klMatrixCore\x64\Debug\xilink-link.1496-cvtres.write.1.tlog
D:\klMatrixCore\x64\Debug\xilink-link.1520.read.1.tlog
D:\klMatrixCore\x64\Debug\xilink-link.1520.write.1.tlog
D:\klMatrixCore\x64\Debug\xilink-link.1520-cvtres.read.1.tlog
D:\klMatrixCore\x64\Debug\xilink-link.1520-cvtres.write.1.tlog
D:\klMatrixCore\x64\Debug\xilink-link.15212.read.1.tlog
D:\klMatrixCore\x64\Debug\xilink-link.15212.write.1.tlog
D:\klMatrixCore\x64\Debug\xilink-link.15212-cvtres.read.1.tlog
D:\klMatrixCore\x64\Debug\xilink-link.15212-cvtres.write.1.tlog
D:\klMatrixCore\x64\Debug\xilink-link.15344.read.1.tlog
D:\klMatrixCore\x64\Debug\xilink-link.15344.write.1.tlog
D:\klMatrixCore\x64\Debug\xilink-link.15344-cvtres.read.1.tlog
D:\klMatrixCore\x64\Debug\xilink-link.15344-cvtres.write.1.tlog
D:\klMatrixCore\x64\Debug\xilink-link.15376.read.1.tlog
D:\klMatrixCore\x64\Debug\xilink-link.15376.write.1.tlog
D:\klMatrixCore\x64\Debug\xilink-link.15376-cvtres.read.1.tlog
D:\klMatrixCore\x64\Debug\xilink-link.15376-cvtres.write.1.tlog
D:\klMatrixCore\x64\Debug\xilink-link.1584.read.1.tlog
D:\klMatrixCore\x64\Debug\xilink-link.1584.write.1.tlog
D:\klMatrixCore\x64\Debug\xilink-link.1584-cvtres.read.1.tlog
D:\klMatrixCore\x64\Debug\xilink-link.1584-cvtres.write.1.tlog
D:\klMatrixCore\x64\Debug\xilink-link.1604.read.1.tlog
D:\klMatrixCore\x64\Debug\xilink-link.1604.write.1.tlog
D:\klMatrixCore\x64\Debug\xilink-link.16044.read.1.tlog
D:\klMatrixCore\x64\Debug\xilink-link.16044.write.1.tlog
D:\klMatrixCore\x64\Debug\xilink-link.16044-cvtres.read.1.tlog
D:\klMatrixCore\x64\Debug\xilink-link.16044-cvtres.write.1.tlog
D:\klMatrixCore\x64\Debug\xilink-link.16068.read.1.tlog
D:\klMatrixCore\x64\Debug\xilink-link.16068.write.1.tlog
D:\klMatrixCore\x64\Debug\xilink-link.16068-cvtres.read.1.tlog
D:\klMatrixCore\x64\Debug\xilink-link.16068-cvtres.write.1.tlog
D:\klMatrixCore\x64\Debug\xilink-link.16208.read.1.tlog
D:\klMatrixCore\x64\Debug\xilink-link.16208.write.1.tlog
D:\klMatrixCore\x64\Debug\xilink-link.16208-cvtres.read.1.tlog
D:\klMatrixCore\x64\Debug\xilink-link.16208-cvtres.write.1.tlog
D:\klMatrixCore\x64\Debug\xilink-link.16448.read.1.tlog
D:\klMatrixCore\x64\Debug\xilink-link.16448.write.1.tlog
D:\klMatrixCore\x64\Debug\xilink-link.16448-cvtres.read.1.tlog
D:\klMatrixCore\x64\Debug\xilink-link.16448-cvtres.write.1.tlog
D:\klMatrixCore\x64\Debug\xilink-link.16584.read.1.tlog
D:\klMatrixCore\x64\Debug\xilink-link.16584.write.1.tlog
D:\klMatrixCore\x64\Debug\xilink-link.16584-cvtres.read.1.tlog
D:\klMatrixCore\x64\Debug\xilink-link.16584-cvtres.write.1.tlog
D:\klMatrixCore\x64\Debug\xilink-link.16644.read.1.tlog
D:\klMatrixCore\x64\Debug\xilink-link.16644.write.1.tlog
D:\klMatrixCore\x64\Debug\xilink-link.16644-cvtres.read.1.tlog
D:\klMatrixCore\x64\Debug\xilink-link.16644-cvtres.write.1.tlog
D:\klMatrixCore\x64\Debug\xilink-link.16704.read.1.tlog
D:\klMatrixCore\x64\Debug\xilink-link.16704.write.1.tlog
D:\klMatrixCore\x64\Debug\xilink-link.16704-cvtres.read.1.tlog
D:\klMatrixCore\x64\Debug\xilink-link.16704-cvtres.write.1.tlog
D:\klMatrixCore\x64\Debug\xilink-link.1684.read.1.tlog
D:\klMatrixCore\x64\Debug\xilink-link.1684.write.1.tlog
D:\klMatrixCore\x64\Debug\xilink-link.1684-cvtres.read.1.tlog
D:\klMatrixCore\x64\Debug\xilink-link.1684-cvtres.write.1.tlog
D:\klMatrixCore\x64\Debug\xilink-link.17264.read.1.tlog
D:\klMatrixCore\x64\Debug\xilink-link.17264.write.1.tlog
D:\klMatrixCore\x64\Debug\xilink-link.17264-cvtres.read.1.tlog
D:\klMatrixCore\x64\Debug\xilink-link.17264-cvtres.write.1.tlog
D:\klMatrixCore\x64\Debug\xilink-link.17288.read.1.tlog
D:\klMatrixCore\x64\Debug\xilink-link.17288.write.1.tlog
D:\klMatrixCore\x64\Debug\xilink-link.17288-cvtres.read.1.tlog
D:\klMatrixCore\x64\Debug\xilink-link.17288-cvtres.write.1.tlog
D:\klMatrixCore\x64\Debug\xilink-link.17340.read.1.tlog
D:\klMatrixCore\x64\Debug\xilink-link.17340.write.1.tlog
D:\klMatrixCore\x64\Debug\xilink-link.17340-cvtres.read.1.tlog
D:\klMatrixCore\x64\Debug\xilink-link.17340-cvtres.write.1.tlog
D:\klMatrixCore\x64\Debug\xilink-link.1748.read.1.tlog
D:\klMatrixCore\x64\Debug\xilink-link.1748.write.1.tlog
D:\klMatrixCore\x64\Debug\xilink-link.1748-cvtres.read.1.tlog
D:\klMatrixCore\x64\Debug\xilink-link.1748-cvtres.write.1.tlog
D:\klMatrixCore\x64\Debug\xilink-link.17748.read.1.tlog
D:\klMatrixCore\x64\Debug\xilink-link.17748.write.1.tlog
D:\klMatrixCore\x64\Debug\xilink-link.17748-cvtres.read.1.tlog
D:\klMatrixCore\x64\Debug\xilink-link.17748-cvtres.write.1.tlog
D:\klMatrixCore\x64\Debug\xilink-link.17924.read.1.tlog
D:\klMatrixCore\x64\Debug\xilink-link.17924.write.1.tlog
D:\klMatrixCore\x64\Debug\xilink-link.17924-cvtres.read.1.tlog
D:\klMatrixCore\x64\Debug\xilink-link.17924-cvtres.write.1.tlog
D:\klMatrixCore\x64\Debug\xilink-link.1812.read.1.tlog
D:\klMatrixCore\x64\Debug\xilink-link.1812.write.1.tlog
D:\klMatrixCore\x64\Debug\xilink-link.1812-cvtres.read.1.tlog
D:\klMatrixCore\x64\Debug\xilink-link.1812-cvtres.write.1.tlog
D:\klMatrixCore\x64\Debug\xilink-link.18224.read.1.tlog
D:\klMatrixCore\x64\Debug\xilink-link.18224.write.1.tlog
D:\klMatrixCore\x64\Debug\xilink-link.18224-cvtres.read.1.tlog
D:\klMatrixCore\x64\Debug\xilink-link.18224-cvtres.write.1.tlog
D:\klMatrixCore\x64\Debug\xilink-link.1824.read.1.tlog
D:\klMatrixCore\x64\Debug\xilink-link.1824.write.1.tlog
D:\klMatrixCore\x64\Debug\xilink-link.1824-cvtres.read.1.tlog
D:\klMatrixCore\x64\Debug\xilink-link.1824-cvtres.write.1.tlog
D:\klMatrixCore\x64\Debug\xilink-link.1868.read.1.tlog
D:\klMatrixCore\x64\Debug\xilink-link.1868.write.1.tlog
D:\klMatrixCore\x64\Debug\xilink-link.1868-cvtres.read.1.tlog
D:\klMatrixCore\x64\Debug\xilink-link.1868-cvtres.write.1.tlog
D:\klMatrixCore\x64\Debug\xilink-link.2012.read.1.tlog
D:\klMatrixCore\x64\Debug\xilink-link.2012.write.1.tlog
D:\klMatrixCore\x64\Debug\xilink-link.2012-cvtres.read.1.tlog
D:\klMatrixCore\x64\Debug\xilink-link.2012-cvtres.write.1.tlog
D:\klMatrixCore\x64\Debug\xilink-link.2052.read.1.tlog
D:\klMatrixCore\x64\Debug\xilink-link.2052.write.1.tlog
D:\klMatrixCore\x64\Debug\xilink-link.2052-cvtres.read.1.tlog
D:\klMatrixCore\x64\Debug\xilink-link.2052-cvtres.write.1.tlog
D:\klMatrixCore\x64\Debug\xilink-link.2076.read.1.tlog
D:\klMatrixCore\x64\Debug\xilink-link.2076.write.1.tlog
D:\klMatrixCore\x64\Debug\xilink-link.2076-cvtres.read.1.tlog
D:\klMatrixCore\x64\Debug\xilink-link.2076-cvtres.write.1.tlog
D:\klMatrixCore\x64\Debug\xilink-link.2096.read.1.tlog
D:\klMatrixCore\x64\Debug\xilink-link.2096.write.1.tlog
D:\klMatrixCore\x64\Debug\xilink-link.2096-cvtres.read.1.tlog
D:\klMatrixCore\x64\Debug\xilink-link.2096-cvtres.write.1.tlog
D:\klMatrixCore\x64\Debug\xilink-link.2360.read.1.tlog
D:\klMatrixCore\x64\Debug\xilink-link.2360.write.1.tlog
D:\klMatrixCore\x64\Debug\xilink-link.2360-cvtres.read.1.tlog
D:\klMatrixCore\x64\Debug\xilink-link.2360-cvtres.write.1.tlog
D:\klMatrixCore\x64\Debug\xilink-link.2416.read.1.tlog
D:\klMatrixCore\x64\Debug\xilink-link.2416.write.1.tlog
D:\klMatrixCore\x64\Debug\xilink-link.2416-cvtres.read.1.tlog
D:\klMatrixCore\x64\Debug\xilink-link.2416-cvtres.write.1.tlog
D:\klMatrixCore\x64\Debug\xilink-link.2476.read.1.tlog
D:\klMatrixCore\x64\Debug\xilink-link.2476.write.1.tlog
D:\klMatrixCore\x64\Debug\xilink-link.2476-cvtres.read.1.tlog
D:\klMatrixCore\x64\Debug\xilink-link.2476-cvtres.write.1.tlog
D:\klMatrixCore\x64\Debug\xilink-link.2648.read.1.tlog
D:\klMatrixCore\x64\Debug\xilink-link.2648.write.1.tlog
D:\klMatrixCore\x64\Debug\xilink-link.2648-cvtres.read.1.tlog
D:\klMatrixCore\x64\Debug\xilink-link.2648-cvtres.write.1.tlog
D:\klMatrixCore\x64\Debug\xilink-link.2760.read.1.tlog
D:\klMatrixCore\x64\Debug\xilink-link.2760.write.1.tlog
D:\klMatrixCore\x64\Debug\xilink-link.2760-cvtres.read.1.tlog
D:\klMatrixCore\x64\Debug\xilink-link.2760-cvtres.write.1.tlog
D:\klMatrixCore\x64\Debug\xilink-link.2780.read.1.tlog
D:\klMatrixCore\x64\Debug\xilink-link.2780.write.1.tlog
D:\klMatrixCore\x64\Debug\xilink-link.2780-cvtres.read.1.tlog
D:\klMatrixCore\x64\Debug\xilink-link.2780-cvtres.write.1.tlog
D:\klMatrixCore\x64\Debug\xilink-link.2940.read.1.tlog
D:\klMatrixCore\x64\Debug\xilink-link.2940.write.1.tlog
D:\klMatrixCore\x64\Debug\xilink-link.2940-cvtres.read.1.tlog
D:\klMatrixCore\x64\Debug\xilink-link.2940-cvtres.write.1.tlog
D:\klMatrixCore\x64\Debug\xilink-link.2984.read.1.tlog
D:\klMatrixCore\x64\Debug\xilink-link.2984.write.1.tlog
D:\klMatrixCore\x64\Debug\xilink-link.2984-cvtres.read.1.tlog
D:\klMatrixCore\x64\Debug\xilink-link.2984-cvtres.write.1.tlog
D:\klMatrixCore\x64\Debug\xilink-link.2992.read.1.tlog
D:\klMatrixCore\x64\Debug\xilink-link.2992.write.1.tlog
D:\klMatrixCore\x64\Debug\xilink-link.2992-cvtres.read.1.tlog
D:\klMatrixCore\x64\Debug\xilink-link.2992-cvtres.write.1.tlog
D:\klMatrixCore\x64\Debug\xilink-link.2996.read.1.tlog
D:\klMatrixCore\x64\Debug\xilink-link.2996.write.1.tlog
D:\klMatrixCore\x64\Debug\xilink-link.2996-cvtres.read.1.tlog
D:\klMatrixCore\x64\Debug\xilink-link.2996-cvtres.write.1.tlog
D:\klMatrixCore\x64\Debug\xilink-link.3008.read.1.tlog
D:\klMatrixCore\x64\Debug\xilink-link.3008.write.1.tlog
D:\klMatrixCore\x64\Debug\xilink-link.3008-cvtres.read.1.tlog
D:\klMatrixCore\x64\Debug\xilink-link.3008-cvtres.write.1.tlog
D:\klMatrixCore\x64\Debug\xilink-link.3040.read.1.tlog
D:\klMatrixCore\x64\Debug\xilink-link.3040.write.1.tlog
D:\klMatrixCore\x64\Debug\xilink-link.3040-cvtres.read.1.tlog
D:\klMatrixCore\x64\Debug\xilink-link.3040-cvtres.write.1.tlog
D:\klMatrixCore\x64\Debug\xilink-link.3080.read.1.tlog
D:\klMatrixCore\x64\Debug\xilink-link.3080.write.1.tlog
D:\klMatrixCore\x64\Debug\xilink-link.3080-cvtres.read.1.tlog
D:\klMatrixCore\x64\Debug\xilink-link.3080-cvtres.write.1.tlog
D:\klMatrixCore\x64\Debug\xilink-link.3108.read.1.tlog
D:\klMatrixCore\x64\Debug\xilink-link.3108.write.1.tlog
D:\klMatrixCore\x64\Debug\xilink-link.3108-cvtres.read.1.tlog
D:\klMatrixCore\x64\Debug\xilink-link.3108-cvtres.write.1.tlog
D:\klMatrixCore\x64\Debug\xilink-link.3172.read.1.tlog
D:\klMatrixCore\x64\Debug\xilink-link.3172.write.1.tlog
D:\klMatrixCore\x64\Debug\xilink-link.3172-cvtres.read.1.tlog
D:\klMatrixCore\x64\Debug\xilink-link.3172-cvtres.write.1.tlog
D:\klMatrixCore\x64\Debug\xilink-link.3292.read.1.tlog
D:\klMatrixCore\x64\Debug\xilink-link.3292.write.1.tlog
D:\klMatrixCore\x64\Debug\xilink-link.3292-cvtres.read.1.tlog
D:\klMatrixCore\x64\Debug\xilink-link.3292-cvtres.write.1.tlog
D:\klMatrixCore\x64\Debug\xilink-link.3380.read.1.tlog
D:\klMatrixCore\x64\Debug\xilink-link.3380.write.1.tlog
D:\klMatrixCore\x64\Debug\xilink-link.3380-cvtres.read.1.tlog
D:\klMatrixCore\x64\Debug\xilink-link.3380-cvtres.write.1.tlog
D:\klMatrixCore\x64\Debug\xilink-link.3404.read.1.tlog
D:\klMatrixCore\x64\Debug\xilink-link.3404.write.1.tlog
D:\klMatrixCore\x64\Debug\xilink-link.3404-cvtres.read.1.tlog
D:\klMatrixCore\x64\Debug\xilink-link.3404-cvtres.write.1.tlog
D:\klMatrixCore\x64\Debug\xilink-link.3432.read.1.tlog
D:\klMatrixCore\x64\Debug\xilink-link.3432.write.1.tlog
D:\klMatrixCore\x64\Debug\xilink-link.3432-cvtres.read.1.tlog
D:\klMatrixCore\x64\Debug\xilink-link.3432-cvtres.write.1.tlog
D:\klMatrixCore\x64\Debug\xilink-link.3460.read.1.tlog
D:\klMatrixCore\x64\Debug\xilink-link.3460.write.1.tlog
D:\klMatrixCore\x64\Debug\xilink-link.3460-cvtres.read.1.tlog
D:\klMatrixCore\x64\Debug\xilink-link.3460-cvtres.write.1.tlog
D:\klMatrixCore\x64\Debug\xilink-link.3480.read.1.tlog
D:\klMatrixCore\x64\Debug\xilink-link.3480.write.1.tlog
D:\klMatrixCore\x64\Debug\xilink-link.3480-cvtres.read.1.tlog
D:\klMatrixCore\x64\Debug\xilink-link.3480-cvtres.write.1.tlog
D:\klMatrixCore\x64\Debug\xilink-link.3508.read.1.tlog
D:\klMatrixCore\x64\Debug\xilink-link.3508.write.1.tlog
D:\klMatrixCore\x64\Debug\xilink-link.3508-cvtres.read.1.tlog
D:\klMatrixCore\x64\Debug\xilink-link.3508-cvtres.write.1.tlog
D:\klMatrixCore\x64\Debug\xilink-link.3512.read.1.tlog
D:\klMatrixCore\x64\Debug\xilink-link.3512.write.1.tlog
D:\klMatrixCore\x64\Debug\xilink-link.3512-cvtres.read.1.tlog
D:\klMatrixCore\x64\Debug\xilink-link.3512-cvtres.write.1.tlog
D:\klMatrixCore\x64\Debug\xilink-link.3592.read.1.tlog
D:\klMatrixCore\x64\Debug\xilink-link.3592.write.1.tlog
D:\klMatrixCore\x64\Debug\xilink-link.3592-cvtres.read.1.tlog
D:\klMatrixCore\x64\Debug\xilink-link.3592-cvtres.write.1.tlog
D:\klMatrixCore\x64\Debug\xilink-link.3616.read.1.tlog
D:\klMatrixCore\x64\Debug\xilink-link.3616.write.1.tlog
D:\klMatrixCore\x64\Debug\xilink-link.3616-cvtres.read.1.tlog
D:\klMatrixCore\x64\Debug\xilink-link.3616-cvtres.write.1.tlog
D:\klMatrixCore\x64\Debug\xilink-link.3640.read.1.tlog
D:\klMatrixCore\x64\Debug\xilink-link.3640.write.1.tlog
D:\klMatrixCore\x64\Debug\xilink-link.3640-cvtres.read.1.tlog
D:\klMatrixCore\x64\Debug\xilink-link.3640-cvtres.write.1.tlog
D:\klMatrixCore\x64\Debug\xilink-link.3720.read.1.tlog
D:\klMatrixCore\x64\Debug\xilink-link.3720.write.1.tlog
D:\klMatrixCore\x64\Debug\xilink-link.3720-cvtres.read.1.tlog
D:\klMatrixCore\x64\Debug\xilink-link.3720-cvtres.write.1.tlog
D:\klMatrixCore\x64\Debug\xilink-link.3752.read.1.tlog
D:\klMatrixCore\x64\Debug\xilink-link.3752.write.1.tlog
D:\klMatrixCore\x64\Debug\xilink-link.3752-cvtres.read.1.tlog
D:\klMatrixCore\x64\Debug\xilink-link.3752-cvtres.write.1.tlog
D:\klMatrixCore\x64\Debug\xilink-link.3784.read.1.tlog
D:\klMatrixCore\x64\Debug\xilink-link.3784.write.1.tlog
D:\klMatrixCore\x64\Debug\xilink-link.3784-cvtres.read.1.tlog
D:\klMatrixCore\x64\Debug\xilink-link.3784-cvtres.write.1.tlog
D:\klMatrixCore\x64\Debug\xilink-link.3792.read.1.tlog
D:\klMatrixCore\x64\Debug\xilink-link.3792.write.1.tlog
D:\klMatrixCore\x64\Debug\xilink-link.3792-cvtres.read.1.tlog
D:\klMatrixCore\x64\Debug\xilink-link.3792-cvtres.write.1.tlog
D:\klMatrixCore\x64\Debug\xilink-link.3816.read.1.tlog
D:\klMatrixCore\x64\Debug\xilink-link.3816.write.1.tlog
D:\klMatrixCore\x64\Debug\xilink-link.3816-cvtres.read.1.tlog
D:\klMatrixCore\x64\Debug\xilink-link.3816-cvtres.write.1.tlog
D:\klMatrixCore\x64\Debug\xilink-link.3868.read.1.tlog
D:\klMatrixCore\x64\Debug\xilink-link.3868.write.1.tlog
D:\klMatrixCore\x64\Debug\xilink-link.3868-cvtres.read.1.tlog
D:\klMatrixCore\x64\Debug\xilink-link.3868-cvtres.write.1.tlog
D:\klMatrixCore\x64\Debug\xilink-link.3896.read.1.tlog
D:\klMatrixCore\x64\Debug\xilink-link.3896.write.1.tlog
D:\klMatrixCore\x64\Debug\xilink-link.3896-cvtres.read.1.tlog
D:\klMatrixCore\x64\Debug\xilink-link.3896-cvtres.write.1.tlog
D:\klMatrixCore\x64\Debug\xilink-link.3920.read.1.tlog
D:\klMatrixCore\x64\Debug\xilink-link.3920.write.1.tlog
D:\klMatrixCore\x64\Debug\xilink-link.3920-cvtres.read.1.tlog
D:\klMatrixCore\x64\Debug\xilink-link.3920-cvtres.write.1.tlog
D:\klMatrixCore\x64\Debug\xilink-link.3924.read.1.tlog
D:\klMatrixCore\x64\Debug\xilink-link.3924.write.1.tlog
D:\klMatrixCore\x64\Debug\xilink-link.3924-cvtres.read.1.tlog
D:\klMatrixCore\x64\Debug\xilink-link.3924-cvtres.write.1.tlog
D:\klMatrixCore\x64\Debug\xilink-link.3952.read.1.tlog
D:\klMatrixCore\x64\Debug\xilink-link.3952.write.1.tlog
D:\klMatrixCore\x64\Debug\xilink-link.3952-cvtres.read.1.tlog
D:\klMatrixCore\x64\Debug\xilink-link.3952-cvtres.write.1.tlog
D:\klMatrixCore\x64\Debug\xilink-link.3992.read.1.tlog
D:\klMatrixCore\x64\Debug\xilink-link.3992.write.1.tlog
D:\klMatrixCore\x64\Debug\xilink-link.3992-cvtres.read.1.tlog
D:\klMatrixCore\x64\Debug\xilink-link.3992-cvtres.write.1.tlog
D:\klMatrixCore\x64\Debug\xilink-link.4008.read.1.tlog
D:\klMatrixCore\x64\Debug\xilink-link.4008.write.1.tlog
D:\klMatrixCore\x64\Debug\xilink-link.4008-cvtres.read.1.tlog
D:\klMatrixCore\x64\Debug\xilink-link.4008-cvtres.write.1.tlog
D:\klMatrixCore\x64\Debug\xilink-link.4044.read.1.tlog
D:\klMatrixCore\x64\Debug\xilink-link.4044.write.1.tlog
D:\klMatrixCore\x64\Debug\xilink-link.4044-cvtres.read.1.tlog
D:\klMatrixCore\x64\Debug\xilink-link.4044-cvtres.write.1.tlog
D:\klMatrixCore\x64\Debug\xilink-link.4076.read.1.tlog
D:\klMatrixCore\x64\Debug\xilink-link.4076.write.1.tlog
D:\klMatrixCore\x64\Debug\xilink-link.4076-cvtres.read.1.tlog
D:\klMatrixCore\x64\Debug\xilink-link.4076-cvtres.write.1.tlog
D:\klMatrixCore\x64\Debug\xilink-link.4088.read.1.tlog
D:\klMatrixCore\x64\Debug\xilink-link.4088.write.1.tlog
D:\klMatrixCore\x64\Debug\xilink-link.4088-cvtres.read.1.tlog
D:\klMatrixCore\x64\Debug\xilink-link.4088-cvtres.write.1.tlog
D:\klMatrixCore\x64\Debug\xilink-link.4092.read.1.tlog
D:\klMatrixCore\x64\Debug\xilink-link.4092.write.1.tlog
D:\klMatrixCore\x64\Debug\xilink-link.4092-cvtres.read.1.tlog
D:\klMatrixCore\x64\Debug\xilink-link.4092-cvtres.write.1.tlog
D:\klMatrixCore\x64\Debug\xilink-link.4212.read.1.tlog
D:\klMatrixCore\x64\Debug\xilink-link.4212.write.1.tlog
D:\klMatrixCore\x64\Debug\xilink-link.4212-cvtres.read.1.tlog
D:\klMatrixCore\x64\Debug\xilink-link.4212-cvtres.write.1.tlog
D:\klMatrixCore\x64\Debug\xilink-link.4264.read.1.tlog
D:\klMatrixCore\x64\Debug\xilink-link.4264.write.1.tlog
D:\klMatrixCore\x64\Debug\xilink-link.4264-cvtres.read.1.tlog
D:\klMatrixCore\x64\Debug\xilink-link.4264-cvtres.write.1.tlog
D:\klMatrixCore\x64\Debug\xilink-link.4340.read.1.tlog
D:\klMatrixCore\x64\Debug\xilink-link.4340.write.1.tlog
D:\klMatrixCore\x64\Debug\xilink-link.4340-cvtres.read.1.tlog
D:\klMatrixCore\x64\Debug\xilink-link.4340-cvtres.write.1.tlog
D:\klMatrixCore\x64\Debug\xilink-link.4372.read.1.tlog
D:\klMatrixCore\x64\Debug\xilink-link.4372.write.1.tlog
D:\klMatrixCore\x64\Debug\xilink-link.4372-cvtres.read.1.tlog
D:\klMatrixCore\x64\Debug\xilink-link.4372-cvtres.write.1.tlog
D:\klMatrixCore\x64\Debug\xilink-link.4448.read.1.tlog
D:\klMatrixCore\x64\Debug\xilink-link.4448.write.1.tlog
D:\klMatrixCore\x64\Debug\xilink-link.4448-cvtres.read.1.tlog
D:\klMatrixCore\x64\Debug\xilink-link.4448-cvtres.write.1.tlog
D:\klMatrixCore\x64\Debug\xilink-link.4460.read.1.tlog
D:\klMatrixCore\x64\Debug\xilink-link.4460.write.1.tlog
D:\klMatrixCore\x64\Debug\xilink-link.4460-cvtres.read.1.tlog
D:\klMatrixCore\x64\Debug\xilink-link.4460-cvtres.write.1.tlog
D:\klMatrixCore\x64\Debug\xilink-link.4464.read.1.tlog
D:\klMatrixCore\x64\Debug\xilink-link.4464.write.1.tlog
D:\klMatrixCore\x64\Debug\xilink-link.4464-cvtres.read.1.tlog
D:\klMatrixCore\x64\Debug\xilink-link.4464-cvtres.write.1.tlog
D:\klMatrixCore\x64\Debug\xilink-link.4492.read.1.tlog
D:\klMatrixCore\x64\Debug\xilink-link.4492.write.1.tlog
D:\klMatrixCore\x64\Debug\xilink-link.4492-cvtres.read.1.tlog
D:\klMatrixCore\x64\Debug\xilink-link.4492-cvtres.write.1.tlog
D:\klMatrixCore\x64\Debug\xilink-link.4520.read.1.tlog
D:\klMatrixCore\x64\Debug\xilink-link.4520.write.1.tlog
D:\klMatrixCore\x64\Debug\xilink-link.4520-cvtres.read.1.tlog
D:\klMatrixCore\x64\Debug\xilink-link.4520-cvtres.write.1.tlog
D:\klMatrixCore\x64\Debug\xilink-link.4556.read.1.tlog
D:\klMatrixCore\x64\Debug\xilink-link.4556.write.1.tlog
D:\klMatrixCore\x64\Debug\xilink-link.4556-cvtres.read.1.tlog
D:\klMatrixCore\x64\Debug\xilink-link.4556-cvtres.write.1.tlog
D:\klMatrixCore\x64\Debug\xilink-link.4580.read.1.tlog
D:\klMatrixCore\x64\Debug\xilink-link.4580.write.1.tlog
D:\klMatrixCore\x64\Debug\xilink-link.4580-cvtres.read.1.tlog
D:\klMatrixCore\x64\Debug\xilink-link.4580-cvtres.write.1.tlog
D:\klMatrixCore\x64\Debug\xilink-link.4664.read.1.tlog
D:\klMatrixCore\x64\Debug\xilink-link.4664.write.1.tlog
D:\klMatrixCore\x64\Debug\xilink-link.4664-cvtres.read.1.tlog
D:\klMatrixCore\x64\Debug\xilink-link.4664-cvtres.write.1.tlog
D:\klMatrixCore\x64\Debug\xilink-link.4676.read.1.tlog
D:\klMatrixCore\x64\Debug\xilink-link.4676.write.1.tlog
D:\klMatrixCore\x64\Debug\xilink-link.4676-cvtres.read.1.tlog
D:\klMatrixCore\x64\Debug\xilink-link.4676-cvtres.write.1.tlog
D:\klMatrixCore\x64\Debug\xilink-link.4704.read.1.tlog
D:\klMatrixCore\x64\Debug\xilink-link.4704.write.1.tlog
D:\klMatrixCore\x64\Debug\xilink-link.4704-cvtres.read.1.tlog
D:\klMatrixCore\x64\Debug\xilink-link.4704-cvtres.write.1.tlog
D:\klMatrixCore\x64\Debug\xilink-link.4712.read.1.tlog
D:\klMatrixCore\x64\Debug\xilink-link.4712.write.1.tlog
D:\klMatrixCore\x64\Debug\xilink-link.4712-cvtres.read.1.tlog
D:\klMatrixCore\x64\Debug\xilink-link.4712-cvtres.write.1.tlog
D:\klMatrixCore\x64\Debug\xilink-link.4732.read.1.tlog
D:\klMatrixCore\x64\Debug\xilink-link.4732.write.1.tlog
D:\klMatrixCore\x64\Debug\xilink-link.4732-cvtres.read.1.tlog
D:\klMatrixCore\x64\Debug\xilink-link.4732-cvtres.write.1.tlog
D:\klMatrixCore\x64\Debug\xilink-link.4808.read.1.tlog
D:\klMatrixCore\x64\Debug\xilink-link.4808.write.1.tlog
D:\klMatrixCore\x64\Debug\xilink-link.4808-cvtres.read.1.tlog
D:\klMatrixCore\x64\Debug\xilink-link.4808-cvtres.write.1.tlog
D:\klMatrixCore\x64\Debug\xilink-link.4852.read.1.tlog
D:\klMatrixCore\x64\Debug\xilink-link.4852.write.1.tlog
D:\klMatrixCore\x64\Debug\xilink-link.4852-cvtres.read.1.tlog
D:\klMatrixCore\x64\Debug\xilink-link.4852-cvtres.write.1.tlog
D:\klMatrixCore\x64\Debug\xilink-link.4892.read.1.tlog
D:\klMatrixCore\x64\Debug\xilink-link.4892.write.1.tlog
D:\klMatrixCore\x64\Debug\xilink-link.4892-cvtres.read.1.tlog
D:\klMatrixCore\x64\Debug\xilink-link.4892-cvtres.write.1.tlog
D:\klMatrixCore\x64\Debug\xilink-link.4896.read.1.tlog
D:\klMatrixCore\x64\Debug\xilink-link.4896.write.1.tlog
D:\klMatrixCore\x64\Debug\xilink-link.4896-cvtres.read.1.tlog
D:\klMatrixCore\x64\Debug\xilink-link.4896-cvtres.write.1.tlog
D:\klMatrixCore\x64\Debug\xilink-link.4912.read.1.tlog
D:\klMatrixCore\x64\Debug\xilink-link.4912.write.1.tlog
D:\klMatrixCore\x64\Debug\xilink-link.4912-cvtres.read.1.tlog
D:\klMatrixCore\x64\Debug\xilink-link.4912-cvtres.write.1.tlog
D:\klMatrixCore\x64\Debug\xilink-link.4920.read.1.tlog
D:\klMatrixCore\x64\Debug\xilink-link.4920.write.1.tlog
D:\klMatrixCore\x64\Debug\xilink-link.4920-cvtres.read.1.tlog
D:\klMatrixCore\x64\Debug\xilink-link.4920-cvtres.write.1.tlog
D:\klMatrixCore\x64\Debug\xilink-link.4948.read.1.tlog
D:\klMatrixCore\x64\Debug\xilink-link.4948.write.1.tlog
D:\klMatrixCore\x64\Debug\xilink-link.4948-cvtres.read.1.tlog
D:\klMatrixCore\x64\Debug\xilink-link.4948-cvtres.write.1.tlog
D:\klMatrixCore\x64\Debug\xilink-link.5012.read.1.tlog
D:\klMatrixCore\x64\Debug\xilink-link.5012.write.1.tlog
D:\klMatrixCore\x64\Debug\xilink-link.5012-cvtres.read.1.tlog
D:\klMatrixCore\x64\Debug\xilink-link.5012-cvtres.write.1.tlog
D:\klMatrixCore\x64\Debug\xilink-link.5088.read.1.tlog
D:\klMatrixCore\x64\Debug\xilink-link.5088.write.1.tlog
D:\klMatrixCore\x64\Debug\xilink-link.5088-cvtres.read.1.tlog
D:\klMatrixCore\x64\Debug\xilink-link.5088-cvtres.write.1.tlog
D:\klMatrixCore\x64\Debug\xilink-link.5112.read.1.tlog
D:\klMatrixCore\x64\Debug\xilink-link.5112.write.1.tlog
D:\klMatrixCore\x64\Debug\xilink-link.5112-cvtres.read.1.tlog
D:\klMatrixCore\x64\Debug\xilink-link.5112-cvtres.write.1.tlog
D:\klMatrixCore\x64\Debug\xilink-link.5128.read.1.tlog
D:\klMatrixCore\x64\Debug\xilink-link.5128.write.1.tlog
D:\klMatrixCore\x64\Debug\xilink-link.5128-cvtres.read.1.tlog
D:\klMatrixCore\x64\Debug\xilink-link.5128-cvtres.write.1.tlog
D:\klMatrixCore\x64\Debug\xilink-link.5132.read.1.tlog
D:\klMatrixCore\x64\Debug\xilink-link.5132.write.1.tlog
D:\klMatrixCore\x64\Debug\xilink-link.5132-cvtres.read.1.tlog
D:\klMatrixCore\x64\Debug\xilink-link.5132-cvtres.write.1.tlog
D:\klMatrixCore\x64\Debug\xilink-link.5136.read.1.tlog
D:\klMatrixCore\x64\Debug\xilink-link.5136.write.1.tlog
D:\klMatrixCore\x64\Debug\xilink-link.5136-cvtres.read.1.tlog
D:\klMatrixCore\x64\Debug\xilink-link.5136-cvtres.write.1.tlog
D:\klMatrixCore\x64\Debug\xilink-link.5220.read.1.tlog
D:\klMatrixCore\x64\Debug\xilink-link.5220.write.1.tlog
D:\klMatrixCore\x64\Debug\xilink-link.5220-cvtres.read.1.tlog
D:\klMatrixCore\x64\Debug\xilink-link.5220-cvtres.write.1.tlog
D:\klMatrixCore\x64\Debug\xilink-link.5232.read.1.tlog
D:\klMatrixCore\x64\Debug\xilink-link.5232.write.1.tlog
D:\klMatrixCore\x64\Debug\xilink-link.5232-cvtres.read.1.tlog
D:\klMatrixCore\x64\Debug\xilink-link.5232-cvtres.write.1.tlog
D:\klMatrixCore\x64\Debug\xilink-link.5236.read.1.tlog
D:\klMatrixCore\x64\Debug\xilink-link.5236.write.1.tlog
D:\klMatrixCore\x64\Debug\xilink-link.5236-cvtres.read.1.tlog
D:\klMatrixCore\x64\Debug\xilink-link.5236-cvtres.write.1.tlog
D:\klMatrixCore\x64\Debug\xilink-link.5248.read.1.tlog
D:\klMatrixCore\x64\Debug\xilink-link.5248.write.1.tlog
D:\klMatrixCore\x64\Debug\xilink-link.5248-cvtres.read.1.tlog
D:\klMatrixCore\x64\Debug\xilink-link.5248-cvtres.write.1.tlog
D:\klMatrixCore\x64\Debug\xilink-link.5308.read.1.tlog
D:\klMatrixCore\x64\Debug\xilink-link.5308.write.1.tlog
D:\klMatrixCore\x64\Debug\xilink-link.5308-cvtres.read.1.tlog
D:\klMatrixCore\x64\Debug\xilink-link.5308-cvtres.write.1.tlog
D:\klMatrixCore\x64\Debug\xilink-link.5324.read.1.tlog
D:\klMatrixCore\x64\Debug\xilink-link.5324.write.1.tlog
D:\klMatrixCore\x64\Debug\xilink-link.5324-cvtres.read.1.tlog
D:\klMatrixCore\x64\Debug\xilink-link.5324-cvtres.write.1.tlog
D:\klMatrixCore\x64\Debug\xilink-link.5360.read.1.tlog
D:\klMatrixCore\x64\Debug\xilink-link.5360.write.1.tlog
D:\klMatrixCore\x64\Debug\xilink-link.5360-cvtres.read.1.tlog
D:\klMatrixCore\x64\Debug\xilink-link.5360-cvtres.write.1.tlog
D:\klMatrixCore\x64\Debug\xilink-link.5388.read.1.tlog
D:\klMatrixCore\x64\Debug\xilink-link.5388.write.1.tlog
D:\klMatrixCore\x64\Debug\xilink-link.5388-cvtres.read.1.tlog
D:\klMatrixCore\x64\Debug\xilink-link.5388-cvtres.write.1.tlog
D:\klMatrixCore\x64\Debug\xilink-link.544.read.1.tlog
D:\klMatrixCore\x64\Debug\xilink-link.544.write.1.tlog
D:\klMatrixCore\x64\Debug\xilink-link.544-cvtres.read.1.tlog
D:\klMatrixCore\x64\Debug\xilink-link.544-cvtres.write.1.tlog
D:\klMatrixCore\x64\Debug\xilink-link.5452.read.1.tlog
D:\klMatrixCore\x64\Debug\xilink-link.5452.write.1.tlog
D:\klMatrixCore\x64\Debug\xilink-link.5452-cvtres.read.1.tlog
D:\klMatrixCore\x64\Debug\xilink-link.5452-cvtres.write.1.tlog
D:\klMatrixCore\x64\Debug\xilink-link.5544.read.1.tlog
D:\klMatrixCore\x64\Debug\xilink-link.5544.write.1.tlog
D:\klMatrixCore\x64\Debug\xilink-link.5544-cvtres.read.1.tlog
D:\klMatrixCore\x64\Debug\xilink-link.5544-cvtres.write.1.tlog
D:\klMatrixCore\x64\Debug\xilink-link.5552.read.1.tlog
D:\klMatrixCore\x64\Debug\xilink-link.5552.write.1.tlog
D:\klMatrixCore\x64\Debug\xilink-link.5552-cvtres.read.1.tlog
D:\klMatrixCore\x64\Debug\xilink-link.5552-cvtres.write.1.tlog
D:\klMatrixCore\x64\Debug\xilink-link.5560.read.1.tlog
D:\klMatrixCore\x64\Debug\xilink-link.5560.write.1.tlog
D:\klMatrixCore\x64\Debug\xilink-link.5560-cvtres.read.1.tlog
D:\klMatrixCore\x64\Debug\xilink-link.5560-cvtres.write.1.tlog
D:\klMatrixCore\x64\Debug\xilink-link.5564.read.1.tlog
D:\klMatrixCore\x64\Debug\xilink-link.5564.write.1.tlog
D:\klMatrixCore\x64\Debug\xilink-link.5564-cvtres.read.1.tlog
D:\klMatrixCore\x64\Debug\xilink-link.5564-cvtres.write.1.tlog
D:\klMatrixCore\x64\Debug\xilink-link.5572.read.1.tlog
D:\klMatrixCore\x64\Debug\xilink-link.5572.write.1.tlog
D:\klMatrixCore\x64\Debug\xilink-link.5572-cvtres.read.1.tlog
D:\klMatrixCore\x64\Debug\xilink-link.5572-cvtres.write.1.tlog
D:\klMatrixCore\x64\Debug\xilink-link.5616.read.1.tlog
D:\klMatrixCore\x64\Debug\xilink-link.5616.write.1.tlog
D:\klMatrixCore\x64\Debug\xilink-link.5616-cvtres.read.1.tlog
D:\klMatrixCore\x64\Debug\xilink-link.5616-cvtres.write.1.tlog
D:\klMatrixCore\x64\Debug\xilink-link.5644.read.1.tlog
D:\klMatrixCore\x64\Debug\xilink-link.5644.write.1.tlog
D:\klMatrixCore\x64\Debug\xilink-link.5644-cvtres.read.1.tlog
D:\klMatrixCore\x64\Debug\xilink-link.5644-cvtres.write.1.tlog
D:\klMatrixCore\x64\Debug\xilink-link.5660.read.1.tlog
D:\klMatrixCore\x64\Debug\xilink-link.5660.write.1.tlog
D:\klMatrixCore\x64\Debug\xilink-link.5660-cvtres.read.1.tlog
D:\klMatrixCore\x64\Debug\xilink-link.5660-cvtres.write.1.tlog
D:\klMatrixCore\x64\Debug\xilink-link.5664.read.1.tlog
D:\klMatrixCore\x64\Debug\xilink-link.5664.write.1.tlog
D:\klMatrixCore\x64\Debug\xilink-link.5664-cvtres.read.1.tlog
D:\klMatrixCore\x64\Debug\xilink-link.5664-cvtres.write.1.tlog
D:\klMatrixCore\x64\Debug\xilink-link.5680.read.1.tlog
D:\klMatrixCore\x64\Debug\xilink-link.5680.write.1.tlog
D:\klMatrixCore\x64\Debug\xilink-link.5680-cvtres.read.1.tlog
D:\klMatrixCore\x64\Debug\xilink-link.5680-cvtres.write.1.tlog
D:\klMatrixCore\x64\Debug\xilink-link.5696.read.1.tlog
D:\klMatrixCore\x64\Debug\xilink-link.5696.write.1.tlog
D:\klMatrixCore\x64\Debug\xilink-link.5696-cvtres.read.1.tlog
D:\klMatrixCore\x64\Debug\xilink-link.5696-cvtres.write.1.tlog
D:\klMatrixCore\x64\Debug\xilink-link.5788.read.1.tlog
D:\klMatrixCore\x64\Debug\xilink-link.5788.write.1.tlog
D:\klMatrixCore\x64\Debug\xilink-link.5788-cvtres.read.1.tlog
D:\klMatrixCore\x64\Debug\xilink-link.5788-cvtres.write.1.tlog
D:\klMatrixCore\x64\Debug\xilink-link.5804.read.1.tlog
D:\klMatrixCore\x64\Debug\xilink-link.5804.write.1.tlog
D:\klMatrixCore\x64\Debug\xilink-link.5804-cvtres.read.1.tlog
D:\klMatrixCore\x64\Debug\xilink-link.5804-cvtres.write.1.tlog
D:\klMatrixCore\x64\Debug\xilink-link.5824.read.1.tlog
D:\klMatrixCore\x64\Debug\xilink-link.5824.write.1.tlog
D:\klMatrixCore\x64\Debug\xilink-link.5824-cvtres.read.1.tlog
D:\klMatrixCore\x64\Debug\xilink-link.5824-cvtres.write.1.tlog
D:\klMatrixCore\x64\Debug\xilink-link.5832.read.1.tlog
D:\klMatrixCore\x64\Debug\xilink-link.5832.write.1.tlog
D:\klMatrixCore\x64\Debug\xilink-link.5832-cvtres.read.1.tlog
D:\klMatrixCore\x64\Debug\xilink-link.5832-cvtres.write.1.tlog
D:\klMatrixCore\x64\Debug\xilink-link.5852.read.1.tlog
D:\klMatrixCore\x64\Debug\xilink-link.5852.write.1.tlog
D:\klMatrixCore\x64\Debug\xilink-link.5852-cvtres.read.1.tlog
D:\klMatrixCore\x64\Debug\xilink-link.5852-cvtres.write.1.tlog
D:\klMatrixCore\x64\Debug\xilink-link.5876.read.1.tlog
D:\klMatrixCore\x64\Debug\xilink-link.5876.write.1.tlog
D:\klMatrixCore\x64\Debug\xilink-link.5876-cvtres.read.1.tlog
D:\klMatrixCore\x64\Debug\xilink-link.5876-cvtres.write.1.tlog
D:\klMatrixCore\x64\Debug\xilink-link.5892.read.1.tlog
D:\klMatrixCore\x64\Debug\xilink-link.5892.write.1.tlog
D:\klMatrixCore\x64\Debug\xilink-link.5892-cvtres.read.1.tlog
D:\klMatrixCore\x64\Debug\xilink-link.5892-cvtres.write.1.tlog
D:\klMatrixCore\x64\Debug\xilink-link.5912.read.1.tlog
D:\klMatrixCore\x64\Debug\xilink-link.5912.write.1.tlog
D:\klMatrixCore\x64\Debug\xilink-link.5912-cvtres.read.1.tlog
D:\klMatrixCore\x64\Debug\xilink-link.5912-cvtres.write.1.tlog
D:\klMatrixCore\x64\Debug\xilink-link.5940.read.1.tlog
D:\klMatrixCore\x64\Debug\xilink-link.5940.write.1.tlog
D:\klMatrixCore\x64\Debug\xilink-link.5940-cvtres.read.1.tlog
D:\klMatrixCore\x64\Debug\xilink-link.5940-cvtres.write.1.tlog
D:\klMatrixCore\x64\Debug\xilink-link.5956.read.1.tlog
D:\klMatrixCore\x64\Debug\xilink-link.5956.write.1.tlog
D:\klMatrixCore\x64\Debug\xilink-link.5956-cvtres.read.1.tlog
D:\klMatrixCore\x64\Debug\xilink-link.5956-cvtres.write.1.tlog
D:\klMatrixCore\x64\Debug\xilink-link.5984.read.1.tlog
D:\klMatrixCore\x64\Debug\xilink-link.5984.write.1.tlog
D:\klMatrixCore\x64\Debug\xilink-link.5984-cvtres.read.1.tlog
D:\klMatrixCore\x64\Debug\xilink-link.5984-cvtres.write.1.tlog
D:\klMatrixCore\x64\Debug\xilink-link.5992.read.1.tlog
D:\klMatrixCore\x64\Debug\xilink-link.5992.write.1.tlog
D:\klMatrixCore\x64\Debug\xilink-link.5992-cvtres.read.1.tlog
D:\klMatrixCore\x64\Debug\xilink-link.5992-cvtres.write.1.tlog
D:\klMatrixCore\x64\Debug\xilink-link.6012.read.1.tlog
D:\klMatrixCore\x64\Debug\xilink-link.6012.write.1.tlog
D:\klMatrixCore\x64\Debug\xilink-link.6012-cvtres.read.1.tlog
D:\klMatrixCore\x64\Debug\xilink-link.6012-cvtres.write.1.tlog
D:\klMatrixCore\x64\Debug\xilink-link.6016.read.1.tlog
D:\klMatrixCore\x64\Debug\xilink-link.6016.write.1.tlog
D:\klMatrixCore\x64\Debug\xilink-link.6016-cvtres.read.1.tlog
D:\klMatrixCore\x64\Debug\xilink-link.6016-cvtres.write.1.tlog
D:\klMatrixCore\x64\Debug\xilink-link.6140.read.1.tlog
D:\klMatrixCore\x64\Debug\xilink-link.6140.write.1.tlog
D:\klMatrixCore\x64\Debug\xilink-link.6140-cvtres.read.1.tlog
D:\klMatrixCore\x64\Debug\xilink-link.6140-cvtres.write.1.tlog
D:\klMatrixCore\x64\Debug\xilink-link.6172.read.1.tlog
D:\klMatrixCore\x64\Debug\xilink-link.6172.write.1.tlog
D:\klMatrixCore\x64\Debug\xilink-link.6172-cvtres.read.1.tlog
D:\klMatrixCore\x64\Debug\xilink-link.6172-cvtres.write.1.tlog
D:\klMatrixCore\x64\Debug\xilink-link.6224.read.1.tlog
D:\klMatrixCore\x64\Debug\xilink-link.6224.write.1.tlog
D:\klMatrixCore\x64\Debug\xilink-link.6224-cvtres.read.1.tlog
D:\klMatrixCore\x64\Debug\xilink-link.6224-cvtres.write.1.tlog
D:\klMatrixCore\x64\Debug\xilink-link.6236.read.1.tlog
D:\klMatrixCore\x64\Debug\xilink-link.6236.write.1.tlog
D:\klMatrixCore\x64\Debug\xilink-link.6236-cvtres.read.1.tlog
D:\klMatrixCore\x64\Debug\xilink-link.6236-cvtres.write.1.tlog
D:\klMatrixCore\x64\Debug\xilink-link.6252.read.1.tlog
D:\klMatrixCore\x64\Debug\xilink-link.6252.write.1.tlog
D:\klMatrixCore\x64\Debug\xilink-link.6252-cvtres.read.1.tlog
D:\klMatrixCore\x64\Debug\xilink-link.6252-cvtres.write.1.tlog
D:\klMatrixCore\x64\Debug\xilink-link.6260.read.1.tlog
D:\klMatrixCore\x64\Debug\xilink-link.6260.write.1.tlog
D:\klMatrixCore\x64\Debug\xilink-link.6260-cvtres.read.1.tlog
D:\klMatrixCore\x64\Debug\xilink-link.6260-cvtres.write.1.tlog
D:\klMatrixCore\x64\Debug\xilink-link.6292.read.1.tlog
D:\klMatrixCore\x64\Debug\xilink-link.6292.write.1.tlog
D:\klMatrixCore\x64\Debug\xilink-link.6292-cvtres.read.1.tlog
D:\klMatrixCore\x64\Debug\xilink-link.6292-cvtres.write.1.tlog
D:\klMatrixCore\x64\Debug\xilink-link.6360.read.1.tlog
D:\klMatrixCore\x64\Debug\xilink-link.6360.write.1.tlog
D:\klMatrixCore\x64\Debug\xilink-link.6360-cvtres.read.1.tlog
D:\klMatrixCore\x64\Debug\xilink-link.6360-cvtres.write.1.tlog
D:\klMatrixCore\x64\Debug\xilink-link.6380.read.1.tlog
D:\klMatrixCore\x64\Debug\xilink-link.6380.write.1.tlog
D:\klMatrixCore\x64\Debug\xilink-link.6380-cvtres.read.1.tlog
D:\klMatrixCore\x64\Debug\xilink-link.6380-cvtres.write.1.tlog
D:\klMatrixCore\x64\Debug\xilink-link.6384.read.1.tlog
D:\klMatrixCore\x64\Debug\xilink-link.6384.write.1.tlog
D:\klMatrixCore\x64\Debug\xilink-link.6384-cvtres.read.1.tlog
D:\klMatrixCore\x64\Debug\xilink-link.6384-cvtres.write.1.tlog
D:\klMatrixCore\x64\Debug\xilink-link.6400.read.1.tlog
D:\klMatrixCore\x64\Debug\xilink-link.6400.write.1.tlog
D:\klMatrixCore\x64\Debug\xilink-link.6400-cvtres.read.1.tlog
D:\klMatrixCore\x64\Debug\xilink-link.6400-cvtres.write.1.tlog
D:\klMatrixCore\x64\Debug\xilink-link.6412.read.1.tlog
D:\klMatrixCore\x64\Debug\xilink-link.6412.write.1.tlog
D:\klMatrixCore\x64\Debug\xilink-link.6412-cvtres.read.1.tlog
D:\klMatrixCore\x64\Debug\xilink-link.6412-cvtres.write.1.tlog
D:\klMatrixCore\x64\Debug\xilink-link.6444.read.1.tlog
D:\klMatrixCore\x64\Debug\xilink-link.6444.write.1.tlog
D:\klMatrixCore\x64\Debug\xilink-link.6444-cvtres.read.1.tlog
D:\klMatrixCore\x64\Debug\xilink-link.6444-cvtres.write.1.tlog
D:\klMatrixCore\x64\Debug\xilink-link.6480.read.1.tlog
D:\klMatrixCore\x64\Debug\xilink-link.6480.write.1.tlog
D:\klMatrixCore\x64\Debug\xilink-link.6480-cvtres.read.1.tlog
D:\klMatrixCore\x64\Debug\xilink-link.6480-cvtres.write.1.tlog
D:\klMatrixCore\x64\Debug\xilink-link.6492.read.1.tlog
D:\klMatrixCore\x64\Debug\xilink-link.6492.write.1.tlog
D:\klMatrixCore\x64\Debug\xilink-link.6492-cvtres.read.1.tlog
D:\klMatrixCore\x64\Debug\xilink-link.6492-cvtres.write.1.tlog
D:\klMatrixCore\x64\Debug\xilink-link.6496.read.1.tlog
D:\klMatrixCore\x64\Debug\xilink-link.6496.write.1.tlog
D:\klMatrixCore\x64\Debug\xilink-link.6496-cvtres.read.1.tlog
D:\klMatrixCore\x64\Debug\xilink-link.6496-cvtres.write.1.tlog
D:\klMatrixCore\x64\Debug\xilink-link.6508.read.1.tlog
D:\klMatrixCore\x64\Debug\xilink-link.6508.write.1.tlog
D:\klMatrixCore\x64\Debug\xilink-link.6508-cvtres.read.1.tlog
D:\klMatrixCore\x64\Debug\xilink-link.6508-cvtres.write.1.tlog
D:\klMatrixCore\x64\Debug\xilink-link.6548.read.1.tlog
D:\klMatrixCore\x64\Debug\xilink-link.6548.write.1.tlog
D:\klMatrixCore\x64\Debug\xilink-link.6548-cvtres.read.1.tlog
D:\klMatrixCore\x64\Debug\xilink-link.6548-cvtres.write.1.tlog
D:\klMatrixCore\x64\Debug\xilink-link.6552.read.1.tlog
D:\klMatrixCore\x64\Debug\xilink-link.6552.write.1.tlog
D:\klMatrixCore\x64\Debug\xilink-link.6552-cvtres.read.1.tlog
D:\klMatrixCore\x64\Debug\xilink-link.6552-cvtres.write.1.tlog
D:\klMatrixCore\x64\Debug\xilink-link.6572.read.1.tlog
D:\klMatrixCore\x64\Debug\xilink-link.6572.write.1.tlog
D:\klMatrixCore\x64\Debug\xilink-link.6572-cvtres.read.1.tlog
D:\klMatrixCore\x64\Debug\xilink-link.6572-cvtres.write.1.tlog
D:\klMatrixCore\x64\Debug\xilink-link.6600.read.1.tlog
D:\klMatrixCore\x64\Debug\xilink-link.6600.write.1.tlog
D:\klMatrixCore\x64\Debug\xilink-link.6600-cvtres.read.1.tlog
D:\klMatrixCore\x64\Debug\xilink-link.6600-cvtres.write.1.tlog
D:\klMatrixCore\x64\Debug\xilink-link.6680.read.1.tlog
D:\klMatrixCore\x64\Debug\xilink-link.6680.write.1.tlog
D:\klMatrixCore\x64\Debug\xilink-link.6680-cvtres.read.1.tlog
D:\klMatrixCore\x64\Debug\xilink-link.6680-cvtres.write.1.tlog
D:\klMatrixCore\x64\Debug\xilink-link.6688.read.1.tlog
D:\klMatrixCore\x64\Debug\xilink-link.6688.write.1.tlog
D:\klMatrixCore\x64\Debug\xilink-link.6688-cvtres.read.1.tlog
D:\klMatrixCore\x64\Debug\xilink-link.6688-cvtres.write.1.tlog
D:\klMatrixCore\x64\Debug\xilink-link.6696.read.1.tlog
D:\klMatrixCore\x64\Debug\xilink-link.6696.write.1.tlog
D:\klMatrixCore\x64\Debug\xilink-link.6696-cvtres.read.1.tlog
D:\klMatrixCore\x64\Debug\xilink-link.6696-cvtres.write.1.tlog
D:\klMatrixCore\x64\Debug\xilink-link.6708.read.1.tlog
D:\klMatrixCore\x64\Debug\xilink-link.6708.write.1.tlog
D:\klMatrixCore\x64\Debug\xilink-link.6708-cvtres.read.1.tlog
D:\klMatrixCore\x64\Debug\xilink-link.6708-cvtres.write.1.tlog
D:\klMatrixCore\x64\Debug\xilink-link.6764.read.1.tlog
D:\klMatrixCore\x64\Debug\xilink-link.6764.write.1.tlog
D:\klMatrixCore\x64\Debug\xilink-link.6764-cvtres.read.1.tlog
D:\klMatrixCore\x64\Debug\xilink-link.6764-cvtres.write.1.tlog
D:\klMatrixCore\x64\Debug\xilink-link.6768.read.1.tlog
D:\klMatrixCore\x64\Debug\xilink-link.6768.write.1.tlog
D:\klMatrixCore\x64\Debug\xilink-link.6768-cvtres.read.1.tlog
D:\klMatrixCore\x64\Debug\xilink-link.6768-cvtres.write.1.tlog
D:\klMatrixCore\x64\Debug\xilink-link.6776.read.1.tlog
D:\klMatrixCore\x64\Debug\xilink-link.6776.write.1.tlog
D:\klMatrixCore\x64\Debug\xilink-link.6776-cvtres.read.1.tlog
D:\klMatrixCore\x64\Debug\xilink-link.6776-cvtres.write.1.tlog
D:\klMatrixCore\x64\Debug\xilink-link.6804.read.1.tlog
D:\klMatrixCore\x64\Debug\xilink-link.6804.write.1.tlog
D:\klMatrixCore\x64\Debug\xilink-link.6804-cvtres.read.1.tlog
D:\klMatrixCore\x64\Debug\xilink-link.6804-cvtres.write.1.tlog
D:\klMatrixCore\x64\Debug\xilink-link.6812.read.1.tlog
D:\klMatrixCore\x64\Debug\xilink-link.6812.write.1.tlog
D:\klMatrixCore\x64\Debug\xilink-link.6812-cvtres.read.1.tlog
D:\klMatrixCore\x64\Debug\xilink-link.6812-cvtres.write.1.tlog
D:\klMatrixCore\x64\Debug\xilink-link.6848.read.1.tlog
D:\klMatrixCore\x64\Debug\xilink-link.6848.write.1.tlog
D:\klMatrixCore\x64\Debug\xilink-link.6848-cvtres.read.1.tlog
D:\klMatrixCore\x64\Debug\xilink-link.6848-cvtres.write.1.tlog
D:\klMatrixCore\x64\Debug\xilink-link.6956.read.1.tlog
D:\klMatrixCore\x64\Debug\xilink-link.6956.write.1.tlog
D:\klMatrixCore\x64\Debug\xilink-link.6956-cvtres.read.1.tlog
D:\klMatrixCore\x64\Debug\xilink-link.6956-cvtres.write.1.tlog
D:\klMatrixCore\x64\Debug\xilink-link.6960.read.1.tlog
D:\klMatrixCore\x64\Debug\xilink-link.6960.write.1.tlog
D:\klMatrixCore\x64\Debug\xilink-link.6960-cvtres.read.1.tlog
D:\klMatrixCore\x64\Debug\xilink-link.6960-cvtres.write.1.tlog
D:\klMatrixCore\x64\Debug\xilink-link.6968.read.1.tlog
D:\klMatrixCore\x64\Debug\xilink-link.6968.write.1.tlog
D:\klMatrixCore\x64\Debug\xilink-link.6968-cvtres.read.1.tlog
D:\klMatrixCore\x64\Debug\xilink-link.6968-cvtres.write.1.tlog
D:\klMatrixCore\x64\Debug\xilink-link.7016.read.1.tlog
D:\klMatrixCore\x64\Debug\xilink-link.7016.write.1.tlog
D:\klMatrixCore\x64\Debug\xilink-link.7016-cvtres.read.1.tlog
D:\klMatrixCore\x64\Debug\xilink-link.7016-cvtres.write.1.tlog
D:\klMatrixCore\x64\Debug\xilink-link.7048.read.1.tlog
D:\klMatrixCore\x64\Debug\xilink-link.7048.write.1.tlog
D:\klMatrixCore\x64\Debug\xilink-link.7048-cvtres.read.1.tlog
D:\klMatrixCore\x64\Debug\xilink-link.7048-cvtres.write.1.tlog
D:\klMatrixCore\x64\Debug\xilink-link.7052.read.1.tlog
D:\klMatrixCore\x64\Debug\xilink-link.7052.write.1.tlog
D:\klMatrixCore\x64\Debug\xilink-link.7052-cvtres.read.1.tlog
D:\klMatrixCore\x64\Debug\xilink-link.7052-cvtres.write.1.tlog
D:\klMatrixCore\x64\Debug\xilink-link.7076.read.1.tlog
D:\klMatrixCore\x64\Debug\xilink-link.7076.write.1.tlog
D:\klMatrixCore\x64\Debug\xilink-link.7076-cvtres.read.1.tlog
D:\klMatrixCore\x64\Debug\xilink-link.7076-cvtres.write.1.tlog
D:\klMatrixCore\x64\Debug\xilink-link.7144.read.1.tlog
D:\klMatrixCore\x64\Debug\xilink-link.7144.write.1.tlog
D:\klMatrixCore\x64\Debug\xilink-link.7144-cvtres.read.1.tlog
D:\klMatrixCore\x64\Debug\xilink-link.7144-cvtres.write.1.tlog
D:\klMatrixCore\x64\Debug\xilink-link.7152.read.1.tlog
D:\klMatrixCore\x64\Debug\xilink-link.7152.write.1.tlog
D:\klMatrixCore\x64\Debug\xilink-link.7152-cvtres.read.1.tlog
D:\klMatrixCore\x64\Debug\xilink-link.7152-cvtres.write.1.tlog
D:\klMatrixCore\x64\Debug\xilink-link.7196.read.1.tlog
D:\klMatrixCore\x64\Debug\xilink-link.7196.write.1.tlog
D:\klMatrixCore\x64\Debug\xilink-link.7196-cvtres.read.1.tlog
D:\klMatrixCore\x64\Debug\xilink-link.7196-cvtres.write.1.tlog
D:\klMatrixCore\x64\Debug\xilink-link.7204.read.1.tlog
D:\klMatrixCore\x64\Debug\xilink-link.7204.write.1.tlog
D:\klMatrixCore\x64\Debug\xilink-link.7204-cvtres.read.1.tlog
D:\klMatrixCore\x64\Debug\xilink-link.7204-cvtres.write.1.tlog
D:\klMatrixCore\x64\Debug\xilink-link.7244.read.1.tlog
D:\klMatrixCore\x64\Debug\xilink-link.7244.write.1.tlog
D:\klMatrixCore\x64\Debug\xilink-link.7244-cvtres.read.1.tlog
D:\klMatrixCore\x64\Debug\xilink-link.7244-cvtres.write.1.tlog
D:\klMatrixCore\x64\Debug\xilink-link.728.read.1.tlog
D:\klMatrixCore\x64\Debug\xilink-link.728.write.1.tlog
D:\klMatrixCore\x64\Debug\xilink-link.728-cvtres.read.1.tlog
D:\klMatrixCore\x64\Debug\xilink-link.728-cvtres.write.1.tlog
D:\klMatrixCore\x64\Debug\xilink-link.7356.read.1.tlog
D:\klMatrixCore\x64\Debug\xilink-link.7356.write.1.tlog
D:\klMatrixCore\x64\Debug\xilink-link.7356-cvtres.read.1.tlog
D:\klMatrixCore\x64\Debug\xilink-link.7356-cvtres.write.1.tlog
D:\klMatrixCore\x64\Debug\xilink-link.7400.read.1.tlog
D:\klMatrixCore\x64\Debug\xilink-link.7400.write.1.tlog
D:\klMatrixCore\x64\Debug\xilink-link.7400-cvtres.read.1.tlog
D:\klMatrixCore\x64\Debug\xilink-link.7400-cvtres.write.1.tlog
D:\klMatrixCore\x64\Debug\xilink-link.7420.read.1.tlog
D:\klMatrixCore\x64\Debug\xilink-link.7420.write.1.tlog
D:\klMatrixCore\x64\Debug\xilink-link.7420-cvtres.read.1.tlog
D:\klMatrixCore\x64\Debug\xilink-link.7420-cvtres.write.1.tlog
D:\klMatrixCore\x64\Debug\xilink-link.7436.read.1.tlog
D:\klMatrixCore\x64\Debug\xilink-link.7436.write.1.tlog
D:\klMatrixCore\x64\Debug\xilink-link.7436-cvtres.read.1.tlog
D:\klMatrixCore\x64\Debug\xilink-link.7436-cvtres.write.1.tlog
D:\klMatrixCore\x64\Debug\xilink-link.7476.read.1.tlog
D:\klMatrixCore\x64\Debug\xilink-link.7476.write.1.tlog
D:\klMatrixCore\x64\Debug\xilink-link.7476-cvtres.read.1.tlog
D:\klMatrixCore\x64\Debug\xilink-link.7476-cvtres.write.1.tlog
D:\klMatrixCore\x64\Debug\xilink-link.7480.read.1.tlog
D:\klMatrixCore\x64\Debug\xilink-link.7480.write.1.tlog
D:\klMatrixCore\x64\Debug\xilink-link.7480-cvtres.read.1.tlog
D:\klMatrixCore\x64\Debug\xilink-link.7480-cvtres.write.1.tlog
D:\klMatrixCore\x64\Debug\xilink-link.7516.read.1.tlog
D:\klMatrixCore\x64\Debug\xilink-link.7516.write.1.tlog
D:\klMatrixCore\x64\Debug\xilink-link.7516-cvtres.read.1.tlog
D:\klMatrixCore\x64\Debug\xilink-link.7516-cvtres.write.1.tlog
D:\klMatrixCore\x64\Debug\xilink-link.7532.read.1.tlog
D:\klMatrixCore\x64\Debug\xilink-link.7532.write.1.tlog
D:\klMatrixCore\x64\Debug\xilink-link.7532-cvtres.read.1.tlog
D:\klMatrixCore\x64\Debug\xilink-link.7532-cvtres.write.1.tlog
D:\klMatrixCore\x64\Debug\xilink-link.7560.read.1.tlog
D:\klMatrixCore\x64\Debug\xilink-link.7560.write.1.tlog
D:\klMatrixCore\x64\Debug\xilink-link.7560-cvtres.read.1.tlog
D:\klMatrixCore\x64\Debug\xilink-link.7560-cvtres.write.1.tlog
D:\klMatrixCore\x64\Debug\xilink-link.7580.read.1.tlog
D:\klMatrixCore\x64\Debug\xilink-link.7580.write.1.tlog
D:\klMatrixCore\x64\Debug\xilink-link.7580-cvtres.read.1.tlog
D:\klMatrixCore\x64\Debug\xilink-link.7580-cvtres.write.1.tlog
D:\klMatrixCore\x64\Debug\xilink-link.7588.read.1.tlog
D:\klMatrixCore\x64\Debug\xilink-link.7588.write.1.tlog
D:\klMatrixCore\x64\Debug\xilink-link.7588-cvtres.read.1.tlog
D:\klMatrixCore\x64\Debug\xilink-link.7588-cvtres.write.1.tlog
D:\klMatrixCore\x64\Debug\xilink-link.7600.read.1.tlog
D:\klMatrixCore\x64\Debug\xilink-link.7600.write.1.tlog
D:\klMatrixCore\x64\Debug\xilink-link.7600-cvtres.read.1.tlog
D:\klMatrixCore\x64\Debug\xilink-link.7600-cvtres.write.1.tlog
D:\klMatrixCore\x64\Debug\xilink-link.7616.read.1.tlog
D:\klMatrixCore\x64\Debug\xilink-link.7616.write.1.tlog
D:\klMatrixCore\x64\Debug\xilink-link.7616-cvtres.read.1.tlog
D:\klMatrixCore\x64\Debug\xilink-link.7616-cvtres.write.1.tlog
D:\klMatrixCore\x64\Debug\xilink-link.7660.read.1.tlog
D:\klMatrixCore\x64\Debug\xilink-link.7660.write.1.tlog
D:\klMatrixCore\x64\Debug\xilink-link.7660-cvtres.read.1.tlog
D:\klMatrixCore\x64\Debug\xilink-link.7660-cvtres.write.1.tlog
D:\klMatrixCore\x64\Debug\xilink-link.7668.read.1.tlog
D:\klMatrixCore\x64\Debug\xilink-link.7668.write.1.tlog
D:\klMatrixCore\x64\Debug\xilink-link.7668-cvtres.read.1.tlog
D:\klMatrixCore\x64\Debug\xilink-link.7668-cvtres.write.1.tlog
D:\klMatrixCore\x64\Debug\xilink-link.7708.read.1.tlog
D:\klMatrixCore\x64\Debug\xilink-link.7708.write.1.tlog
D:\klMatrixCore\x64\Debug\xilink-link.7708-cvtres.read.1.tlog
D:\klMatrixCore\x64\Debug\xilink-link.7708-cvtres.write.1.tlog
D:\klMatrixCore\x64\Debug\xilink-link.7736.read.1.tlog
D:\klMatrixCore\x64\Debug\xilink-link.7736.write.1.tlog
D:\klMatrixCore\x64\Debug\xilink-link.7736-cvtres.read.1.tlog
D:\klMatrixCore\x64\Debug\xilink-link.7736-cvtres.write.1.tlog
D:\klMatrixCore\x64\Debug\xilink-link.7748.read.1.tlog
D:\klMatrixCore\x64\Debug\xilink-link.7748.write.1.tlog
D:\klMatrixCore\x64\Debug\xilink-link.7748-cvtres.read.1.tlog
D:\klMatrixCore\x64\Debug\xilink-link.7748-cvtres.write.1.tlog
D:\klMatrixCore\x64\Debug\xilink-link.7768.read.1.tlog
D:\klMatrixCore\x64\Debug\xilink-link.7768.write.1.tlog
D:\klMatrixCore\x64\Debug\xilink-link.7768-cvtres.read.1.tlog
D:\klMatrixCore\x64\Debug\xilink-link.7768-cvtres.write.1.tlog
D:\klMatrixCore\x64\Debug\xilink-link.7808.read.1.tlog
D:\klMatrixCore\x64\Debug\xilink-link.7808.write.1.tlog
D:\klMatrixCore\x64\Debug\xilink-link.7808-cvtres.read.1.tlog
D:\klMatrixCore\x64\Debug\xilink-link.7808-cvtres.write.1.tlog
D:\klMatrixCore\x64\Debug\xilink-link.7812.read.1.tlog
D:\klMatrixCore\x64\Debug\xilink-link.7812.write.1.tlog
D:\klMatrixCore\x64\Debug\xilink-link.7812-cvtres.read.1.tlog
D:\klMatrixCore\x64\Debug\xilink-link.7812-cvtres.write.1.tlog
D:\klMatrixCore\x64\Debug\xilink-link.7816.read.1.tlog
D:\klMatrixCore\x64\Debug\xilink-link.7816.write.1.tlog
D:\klMatrixCore\x64\Debug\xilink-link.7816-cvtres.read.1.tlog
D:\klMatrixCore\x64\Debug\xilink-link.7816-cvtres.write.1.tlog
D:\klMatrixCore\x64\Debug\xilink-link.7828.read.1.tlog
D:\klMatrixCore\x64\Debug\xilink-link.7828.write.1.tlog
D:\klMatrixCore\x64\Debug\xilink-link.7828-cvtres.read.1.tlog
D:\klMatrixCore\x64\Debug\xilink-link.7828-cvtres.write.1.tlog
D:\klMatrixCore\x64\Debug\xilink-link.7840.read.1.tlog
D:\klMatrixCore\x64\Debug\xilink-link.7840.write.1.tlog
D:\klMatrixCore\x64\Debug\xilink-link.7840-cvtres.read.1.tlog
D:\klMatrixCore\x64\Debug\xilink-link.7840-cvtres.write.1.tlog
D:\klMatrixCore\x64\Debug\xilink-link.7848.read.1.tlog
D:\klMatrixCore\x64\Debug\xilink-link.7848.write.1.tlog
D:\klMatrixCore\x64\Debug\xilink-link.7848-cvtres.read.1.tlog
D:\klMatrixCore\x64\Debug\xilink-link.7848-cvtres.write.1.tlog
D:\klMatrixCore\x64\Debug\xilink-link.7888.read.1.tlog
D:\klMatrixCore\x64\Debug\xilink-link.7888.write.1.tlog
D:\klMatrixCore\x64\Debug\xilink-link.7888-cvtres.read.1.tlog
D:\klMatrixCore\x64\Debug\xilink-link.7888-cvtres.write.1.tlog
D:\klMatrixCore\x64\Debug\xilink-link.7912.read.1.tlog
D:\klMatrixCore\x64\Debug\xilink-link.7912.write.1.tlog
D:\klMatrixCore\x64\Debug\xilink-link.7912-cvtres.read.1.tlog
D:\klMatrixCore\x64\Debug\xilink-link.7912-cvtres.write.1.tlog
D:\klMatrixCore\x64\Debug\xilink-link.7936.read.1.tlog
D:\klMatrixCore\x64\Debug\xilink-link.7936.write.1.tlog
D:\klMatrixCore\x64\Debug\xilink-link.7936-cvtres.read.1.tlog
D:\klMatrixCore\x64\Debug\xilink-link.7936-cvtres.write.1.tlog
D:\klMatrixCore\x64\Debug\xilink-link.7952.read.1.tlog
D:\klMatrixCore\x64\Debug\xilink-link.7952.write.1.tlog
D:\klMatrixCore\x64\Debug\xilink-link.7952-cvtres.read.1.tlog
D:\klMatrixCore\x64\Debug\xilink-link.7952-cvtres.write.1.tlog
D:\klMatrixCore\x64\Debug\xilink-link.7956.read.1.tlog
D:\klMatrixCore\x64\Debug\xilink-link.7956.write.1.tlog
D:\klMatrixCore\x64\Debug\xilink-link.7956-cvtres.read.1.tlog
D:\klMatrixCore\x64\Debug\xilink-link.7956-cvtres.write.1.tlog
D:\klMatrixCore\x64\Debug\xilink-link.7960.read.1.tlog
D:\klMatrixCore\x64\Debug\xilink-link.7960.write.1.tlog
D:\klMatrixCore\x64\Debug\xilink-link.7960-cvtres.read.1.tlog
D:\klMatrixCore\x64\Debug\xilink-link.7960-cvtres.write.1.tlog
D:\klMatrixCore\x64\Debug\xilink-link.8060.read.1.tlog
D:\klMatrixCore\x64\Debug\xilink-link.8060.write.1.tlog
D:\klMatrixCore\x64\Debug\xilink-link.8060-cvtres.read.1.tlog
D:\klMatrixCore\x64\Debug\xilink-link.8060-cvtres.write.1.tlog
D:\klMatrixCore\x64\Debug\xilink-link.8096.read.1.tlog
D:\klMatrixCore\x64\Debug\xilink-link.8096.write.1.tlog
D:\klMatrixCore\x64\Debug\xilink-link.8096-cvtres.read.1.tlog
D:\klMatrixCore\x64\Debug\xilink-link.8096-cvtres.write.1.tlog
D:\klMatrixCore\x64\Debug\xilink-link.8104.read.1.tlog
D:\klMatrixCore\x64\Debug\xilink-link.8104.write.1.tlog
D:\klMatrixCore\x64\Debug\xilink-link.8104-cvtres.read.1.tlog
D:\klMatrixCore\x64\Debug\xilink-link.8104-cvtres.write.1.tlog
D:\klMatrixCore\x64\Debug\xilink-link.8124.read.1.tlog
D:\klMatrixCore\x64\Debug\xilink-link.8124.write.1.tlog
D:\klMatrixCore\x64\Debug\xilink-link.8124-cvtres.read.1.tlog
D:\klMatrixCore\x64\Debug\xilink-link.8124-cvtres.write.1.tlog
D:\klMatrixCore\x64\Debug\xilink-link.8128.read.1.tlog
D:\klMatrixCore\x64\Debug\xilink-link.8128.write.1.tlog
D:\klMatrixCore\x64\Debug\xilink-link.8128-cvtres.read.1.tlog
D:\klMatrixCore\x64\Debug\xilink-link.8128-cvtres.write.1.tlog
D:\klMatrixCore\x64\Debug\xilink-link.8164.read.1.tlog
D:\klMatrixCore\x64\Debug\xilink-link.8164.write.1.tlog
D:\klMatrixCore\x64\Debug\xilink-link.8164-cvtres.read.1.tlog
D:\klMatrixCore\x64\Debug\xilink-link.8164-cvtres.write.1.tlog
D:\klMatrixCore\x64\Debug\xilink-link.8264.read.1.tlog
D:\klMatrixCore\x64\Debug\xilink-link.8264.write.1.tlog
D:\klMatrixCore\x64\Debug\xilink-link.8264-cvtres.read.1.tlog
D:\klMatrixCore\x64\Debug\xilink-link.8264-cvtres.write.1.tlog
D:\klMatrixCore\x64\Debug\xilink-link.8276.read.1.tlog
D:\klMatrixCore\x64\Debug\xilink-link.8276.write.1.tlog
D:\klMatrixCore\x64\Debug\xilink-link.8276-cvtres.read.1.tlog
D:\klMatrixCore\x64\Debug\xilink-link.8276-cvtres.write.1.tlog
D:\klMatrixCore\x64\Debug\xilink-link.8324.read.1.tlog
D:\klMatrixCore\x64\Debug\xilink-link.8324.write.1.tlog
D:\klMatrixCore\x64\Debug\xilink-link.8324-cvtres.read.1.tlog
D:\klMatrixCore\x64\Debug\xilink-link.8324-cvtres.write.1.tlog
D:\klMatrixCore\x64\Debug\xilink-link.8328.read.1.tlog
D:\klMatrixCore\x64\Debug\xilink-link.8328.write.1.tlog
D:\klMatrixCore\x64\Debug\xilink-link.8328-cvtres.read.1.tlog
D:\klMatrixCore\x64\Debug\xilink-link.8328-cvtres.write.1.tlog
D:\klMatrixCore\x64\Debug\xilink-link.8340.read.1.tlog
D:\klMatrixCore\x64\Debug\xilink-link.8340.write.1.tlog
D:\klMatrixCore\x64\Debug\xilink-link.8340-cvtres.read.1.tlog
D:\klMatrixCore\x64\Debug\xilink-link.8340-cvtres.write.1.tlog
D:\klMatrixCore\x64\Debug\xilink-link.8344.read.1.tlog
D:\klMatrixCore\x64\Debug\xilink-link.8344.write.1.tlog
D:\klMatrixCore\x64\Debug\xilink-link.8344-cvtres.read.1.tlog
D:\klMatrixCore\x64\Debug\xilink-link.8344-cvtres.write.1.tlog
D:\klMatrixCore\x64\Debug\xilink-link.8400.read.1.tlog
D:\klMatrixCore\x64\Debug\xilink-link.8400.write.1.tlog
D:\klMatrixCore\x64\Debug\xilink-link.8400-cvtres.read.1.tlog
D:\klMatrixCore\x64\Debug\xilink-link.8400-cvtres.write.1.tlog
D:\klMatrixCore\x64\Debug\xilink-link.8412.read.1.tlog
D:\klMatrixCore\x64\Debug\xilink-link.8412.write.1.tlog
D:\klMatrixCore\x64\Debug\xilink-link.8412-cvtres.read.1.tlog
D:\klMatrixCore\x64\Debug\xilink-link.8412-cvtres.write.1.tlog
D:\klMatrixCore\x64\Debug\xilink-link.8424.read.1.tlog
D:\klMatrixCore\x64\Debug\xilink-link.8424.write.1.tlog
D:\klMatrixCore\x64\Debug\xilink-link.8424-cvtres.read.1.tlog
D:\klMatrixCore\x64\Debug\xilink-link.8424-cvtres.write.1.tlog
D:\klMatrixCore\x64\Debug\xilink-link.8444.read.1.tlog
D:\klMatrixCore\x64\Debug\xilink-link.8444.write.1.tlog
D:\klMatrixCore\x64\Debug\xilink-link.8444-cvtres.read.1.tlog
D:\klMatrixCore\x64\Debug\xilink-link.8444-cvtres.write.1.tlog
D:\klMatrixCore\x64\Debug\xilink-link.8448.read.1.tlog
D:\klMatrixCore\x64\Debug\xilink-link.8448.write.1.tlog
D:\klMatrixCore\x64\Debug\xilink-link.8448-cvtres.read.1.tlog
D:\klMatrixCore\x64\Debug\xilink-link.8448-cvtres.write.1.tlog
D:\klMatrixCore\x64\Debug\xilink-link.8480.read.1.tlog
D:\klMatrixCore\x64\Debug\xilink-link.8480.write.1.tlog
D:\klMatrixCore\x64\Debug\xilink-link.8480-cvtres.read.1.tlog
D:\klMatrixCore\x64\Debug\xilink-link.8480-cvtres.write.1.tlog
D:\klMatrixCore\x64\Debug\xilink-link.8484.read.1.tlog
D:\klMatrixCore\x64\Debug\xilink-link.8484.write.1.tlog
D:\klMatrixCore\x64\Debug\xilink-link.8484-cvtres.read.1.tlog
D:\klMatrixCore\x64\Debug\xilink-link.8484-cvtres.write.1.tlog
D:\klMatrixCore\x64\Debug\xilink-link.8504.read.1.tlog
D:\klMatrixCore\x64\Debug\xilink-link.8504.write.1.tlog
D:\klMatrixCore\x64\Debug\xilink-link.8504-cvtres.read.1.tlog
D:\klMatrixCore\x64\Debug\xilink-link.8504-cvtres.write.1.tlog
D:\klMatrixCore\x64\Debug\xilink-link.8516.read.1.tlog
D:\klMatrixCore\x64\Debug\xilink-link.8516.write.1.tlog
D:\klMatrixCore\x64\Debug\xilink-link.8516-cvtres.read.1.tlog
D:\klMatrixCore\x64\Debug\xilink-link.8516-cvtres.write.1.tlog
D:\klMatrixCore\x64\Debug\xilink-link.8544.read.1.tlog
D:\klMatrixCore\x64\Debug\xilink-link.8544.write.1.tlog
D:\klMatrixCore\x64\Debug\xilink-link.8544-cvtres.read.1.tlog
D:\klMatrixCore\x64\Debug\xilink-link.8544-cvtres.write.1.tlog
D:\klMatrixCore\x64\Debug\xilink-link.8548.read.1.tlog
D:\klMatrixCore\x64\Debug\xilink-link.8548.write.1.tlog
D:\klMatrixCore\x64\Debug\xilink-link.8548-cvtres.read.1.tlog
D:\klMatrixCore\x64\Debug\xilink-link.8548-cvtres.write.1.tlog
D:\klMatrixCore\x64\Debug\xilink-link.8564.read.1.tlog
D:\klMatrixCore\x64\Debug\xilink-link.8564.write.1.tlog
D:\klMatrixCore\x64\Debug\xilink-link.8572.read.1.tlog
D:\klMatrixCore\x64\Debug\xilink-link.8572.write.1.tlog
D:\klMatrixCore\x64\Debug\xilink-link.8572-cvtres.read.1.tlog
D:\klMatrixCore\x64\Debug\xilink-link.8572-cvtres.write.1.tlog
D:\klMatrixCore\x64\Debug\xilink-link.8620.read.1.tlog
D:\klMatrixCore\x64\Debug\xilink-link.8620.write.1.tlog
D:\klMatrixCore\x64\Debug\xilink-link.8620-cvtres.read.1.tlog
D:\klMatrixCore\x64\Debug\xilink-link.8620-cvtres.write.1.tlog
D:\klMatrixCore\x64\Debug\xilink-link.8724.read.1.tlog
D:\klMatrixCore\x64\Debug\xilink-link.8724.write.1.tlog
D:\klMatrixCore\x64\Debug\xilink-link.8724-cvtres.read.1.tlog
D:\klMatrixCore\x64\Debug\xilink-link.8724-cvtres.write.1.tlog
D:\klMatrixCore\x64\Debug\xilink-link.8768.read.1.tlog
D:\klMatrixCore\x64\Debug\xilink-link.8768.write.1.tlog
D:\klMatrixCore\x64\Debug\xilink-link.8768-cvtres.read.1.tlog
D:\klMatrixCore\x64\Debug\xilink-link.8768-cvtres.write.1.tlog
D:\klMatrixCore\x64\Debug\xilink-link.8816.read.1.tlog
D:\klMatrixCore\x64\Debug\xilink-link.8816.write.1.tlog
D:\klMatrixCore\x64\Debug\xilink-link.8816-cvtres.read.1.tlog
D:\klMatrixCore\x64\Debug\xilink-link.8816-cvtres.write.1.tlog
D:\klMatrixCore\x64\Debug\xilink-link.8876.read.1.tlog
D:\klMatrixCore\x64\Debug\xilink-link.8876.write.1.tlog
D:\klMatrixCore\x64\Debug\xilink-link.8876-cvtres.read.1.tlog
D:\klMatrixCore\x64\Debug\xilink-link.8876-cvtres.write.1.tlog
D:\klMatrixCore\x64\Debug\xilink-link.8888.read.1.tlog
D:\klMatrixCore\x64\Debug\xilink-link.8888.write.1.tlog
D:\klMatrixCore\x64\Debug\xilink-link.8888-cvtres.read.1.tlog
D:\klMatrixCore\x64\Debug\xilink-link.8888-cvtres.write.1.tlog
D:\klMatrixCore\x64\Debug\xilink-link.8968.read.1.tlog
D:\klMatrixCore\x64\Debug\xilink-link.8968.write.1.tlog
D:\klMatrixCore\x64\Debug\xilink-link.8968-cvtres.read.1.tlog
D:\klMatrixCore\x64\Debug\xilink-link.8968-cvtres.write.1.tlog
D:\klMatrixCore\x64\Debug\xilink-link.8984.read.1.tlog
D:\klMatrixCore\x64\Debug\xilink-link.8984.write.1.tlog
D:\klMatrixCore\x64\Debug\xilink-link.8984-cvtres.read.1.tlog
D:\klMatrixCore\x64\Debug\xilink-link.8984-cvtres.write.1.tlog
D:\klMatrixCore\x64\Debug\xilink-link.9016.read.1.tlog
D:\klMatrixCore\x64\Debug\xilink-link.9016.write.1.tlog
D:\klMatrixCore\x64\Debug\xilink-link.9016-cvtres.read.1.tlog
D:\klMatrixCore\x64\Debug\xilink-link.9016-cvtres.write.1.tlog
D:\klMatrixCore\x64\Debug\xilink-link.9036.read.1.tlog
D:\klMatrixCore\x64\Debug\xilink-link.9036.write.1.tlog
D:\klMatrixCore\x64\Debug\xilink-link.9036-cvtres.read.1.tlog
D:\klMatrixCore\x64\Debug\xilink-link.9036-cvtres.write.1.tlog
D:\klMatrixCore\x64\Debug\xilink-link.904.read.1.tlog
D:\klMatrixCore\x64\Debug\xilink-link.904.write.1.tlog
D:\klMatrixCore\x64\Debug\xilink-link.904-cvtres.read.1.tlog
D:\klMatrixCore\x64\Debug\xilink-link.904-cvtres.write.1.tlog
D:\klMatrixCore\x64\Debug\xilink-link.908.read.1.tlog
D:\klMatrixCore\x64\Debug\xilink-link.908.write.1.tlog
D:\klMatrixCore\x64\Debug\xilink-link.908-cvtres.read.1.tlog
D:\klMatrixCore\x64\Debug\xilink-link.908-cvtres.write.1.tlog
D:\klMatrixCore\x64\Debug\xilink-link.9120.read.1.tlog
D:\klMatrixCore\x64\Debug\xilink-link.9120.write.1.tlog
D:\klMatrixCore\x64\Debug\xilink-link.9120-cvtres.read.1.tlog
D:\klMatrixCore\x64\Debug\xilink-link.9120-cvtres.write.1.tlog
D:\klMatrixCore\x64\Debug\xilink-link.9136.read.1.tlog
D:\klMatrixCore\x64\Debug\xilink-link.9136.write.1.tlog
D:\klMatrixCore\x64\Debug\xilink-link.9136-cvtres.read.1.tlog
D:\klMatrixCore\x64\Debug\xilink-link.9136-cvtres.write.1.tlog
D:\klMatrixCore\x64\Debug\xilink-link.9176.read.1.tlog
D:\klMatrixCore\x64\Debug\xilink-link.9176.write.1.tlog
D:\klMatrixCore\x64\Debug\xilink-link.9176-cvtres.read.1.tlog
D:\klMatrixCore\x64\Debug\xilink-link.9176-cvtres.write.1.tlog
D:\klMatrixCore\x64\Debug\xilink-link.9212.read.1.tlog
D:\klMatrixCore\x64\Debug\xilink-link.9212.write.1.tlog
D:\klMatrixCore\x64\Debug\xilink-link.9212-cvtres.read.1.tlog
D:\klMatrixCore\x64\Debug\xilink-link.9212-cvtres.write.1.tlog
D:\klMatrixCore\x64\Debug\xilink-link.9308.read.1.tlog
D:\klMatrixCore\x64\Debug\xilink-link.9308.write.1.tlog
D:\klMatrixCore\x64\Debug\xilink-link.9308-cvtres.read.1.tlog
D:\klMatrixCore\x64\Debug\xilink-link.9308-cvtres.write.1.tlog
D:\klMatrixCore\x64\Debug\xilink-link.9440.read.1.tlog
D:\klMatrixCore\x64\Debug\xilink-link.9440.write.1.tlog
D:\klMatrixCore\x64\Debug\xilink-link.9440-cvtres.read.1.tlog
D:\klMatrixCore\x64\Debug\xilink-link.9440-cvtres.write.1.tlog
D:\klMatrixCore\x64\Debug\xilink-link.9456.read.1.tlog
D:\klMatrixCore\x64\Debug\xilink-link.9456.write.1.tlog
D:\klMatrixCore\x64\Debug\xilink-link.9456-cvtres.read.1.tlog
D:\klMatrixCore\x64\Debug\xilink-link.9456-cvtres.write.1.tlog
D:\klMatrixCore\x64\Debug\xilink-link.9464.read.1.tlog
D:\klMatrixCore\x64\Debug\xilink-link.9464.write.1.tlog
D:\klMatrixCore\x64\Debug\xilink-link.9464-cvtres.read.1.tlog
D:\klMatrixCore\x64\Debug\xilink-link.9464-cvtres.write.1.tlog
D:\klMatrixCore\x64\Debug\xilink-link.9476.read.1.tlog
D:\klMatrixCore\x64\Debug\xilink-link.9476.write.1.tlog
D:\klMatrixCore\x64\Debug\xilink-link.9476-cvtres.read.1.tlog
D:\klMatrixCore\x64\Debug\xilink-link.9476-cvtres.write.1.tlog
D:\klMatrixCore\x64\Debug\xilink-link.9520.read.1.tlog
D:\klMatrixCore\x64\Debug\xilink-link.9520.write.1.tlog
D:\klMatrixCore\x64\Debug\xilink-link.9520-cvtres.read.1.tlog
D:\klMatrixCore\x64\Debug\xilink-link.9520-cvtres.write.1.tlog
D:\klMatrixCore\x64\Debug\xilink-link.9652.read.1.tlog
D:\klMatrixCore\x64\Debug\xilink-link.9652.write.1.tlog
D:\klMatrixCore\x64\Debug\xilink-link.9652-cvtres.read.1.tlog
D:\klMatrixCore\x64\Debug\xilink-link.9652-cvtres.write.1.tlog
D:\klMatrixCore\x64\Debug\xilink-link.9724.read.1.tlog
D:\klMatrixCore\x64\Debug\xilink-link.9724.write.1.tlog
D:\klMatrixCore\x64\Debug\xilink-link.9724-cvtres.read.1.tlog
D:\klMatrixCore\x64\Debug\xilink-link.9724-cvtres.write.1.tlog
D:\klMatrixCore\x64\Debug\xilink-link.9796.read.1.tlog
D:\klMatrixCore\x64\Debug\xilink-link.9796.write.1.tlog
D:\klMatrixCore\x64\Debug\xilink-link.9796-cvtres.read.1.tlog
D:\klMatrixCore\x64\Debug\xilink-link.9796-cvtres.write.1.tlog
D:\klMatrixCore\x64\Debug\xilink-link.996.read.1.tlog
D:\klMatrixCore\x64\Debug\xilink-link.996.write.1.tlog
D:\klMatrixCore\x64\Debug\xilink-link.996-cvtres.read.1.tlog
D:\klMatrixCore\x64\Debug\xilink-link.996-cvtres.write.1.tlog
D:\klMatrixCore\x64\Debug\xilink-link.read.1.tlog
D:\klMatrixCore\x64\Debug\xilink-link.read.2.tlog
D:\klMatrixCore\x64\Debug\xilink-link.write.1.tlog
D:\klMatrixCore\x64\Debug\xilink-link-cvtres.read.1.tlog
D:\klMatrixCore\x64\Debug\xilink-link-cvtres.write.1.tlog
D:\klMatrixCore\x64\Debug\xilink-mcpcom.read.1.tlog
D:\klMatrixCore\x64\Debug\xilink-mcpcom.write.1.tlog
D:\X64\DEBUG\KLMATRIXCOREBOOSTUNITTEST.EXE
D:\X64\DEBUG\KLMATRIXCOREBOOSTUNITTEST.ILK
D:\X64\DEBUG\KLMATRIXCOREINTEGRATIONTEST.EXE
D:\X64\DEBUG\KLMATRIXCOREINTEGRATIONTEST.ILK
D:\X64\DEBUG\KLMATRIXCORELIB.LIB
