This is pdfTeX, Version 3.1415926-2.4-1.40.13 (MiKTeX 2.9 64-bit) (preloaded format=pdflatex 2013.2.28)  26 APR 2013 15:41
entering extended mode
**D:/klMatrixCore/output/kl_Regression3_26_15_19.tex
(D:/klMatrixCore/output/kl_Regression3_26_15_19.tex
LaTeX2e <2011/06/27>
Babel <v3.8m> and hyphenation patterns for english, afrikaans, ancientgreek, ar
abic, armenian, assamese, basque, bengali, bokmal, bulgarian, catalan, coptic, 
croatian, czech, danish, dutch, esperanto, estonian, farsi, finnish, french, ga
lician, german, german-x-2012-05-30, greek, gujarati, hindi, hungarian, iceland
ic, indonesian, interlingua, irish, italian, kannada, kurmanji, latin, latvian,
 lithuanian, malayalam, marathi, mongolian, mongolianlmc, monogreek, ngerman, n
german-x-2012-05-30, nynorsk, oriya, panjabi, pinyin, polish, portuguese, roman
ian, russian, sanskrit, serbian, slovak, slovenian, spanish, swedish, swissgerm
an, tamil, telugu, turkish, turkmen, ukenglish, ukrainian, uppersorbian, usengl
ishmax, welsh, loaded.
("C:\Program Files\MiKTeX 2.9\tex\latex\base\article.cls"
Document Class: article 2007/10/19 v1.4h Standard LaTeX document class
("C:\Program Files\MiKTeX 2.9\tex\latex\base\size10.clo"
File: size10.clo 2007/10/19 v1.4h Standard LaTeX file (size option)
)
\c@part=\count79
\c@section=\count80
\c@subsection=\count81
\c@subsubsection=\count82
\c@paragraph=\count83
\c@subparagraph=\count84
\c@figure=\count85
\c@table=\count86
\abovecaptionskip=\skip41
\belowcaptionskip=\skip42
\bibindent=\dimen102
)
("C:\Program Files\MiKTeX 2.9\tex\generic\babel\babel.sty"
Package: babel 2008/07/08 v3.8m The Babel package

*************************************
* Local config file bblopts.cfg used
*
("C:\Program Files\MiKTeX 2.9\tex\latex\00miktex\bblopts.cfg"
File: bblopts.cfg 2006/07/31 v1.0 MiKTeX 'babel' configuration
)
("C:\Program Files\MiKTeX 2.9\tex\generic\babel\english.ldf"
Language: english 2005/03/30 v3.3o English support from the babel system

("C:\Program Files\MiKTeX 2.9\tex\generic\babel\babel.def"
File: babel.def 2008/07/08 v3.8m Babel common definitions
\babel@savecnt=\count87
\U@D=\dimen103
)
\l@canadian = a dialect from \language\l@american 
\l@australian = a dialect from \language\l@british 
\l@newzealand = a dialect from \language\l@british 
))
("C:\Program Files\MiKTeX 2.9\tex\latex\ams\math\amsmath.sty"
Package: amsmath 2000/07/18 v2.13 AMS math features
\@mathmargin=\skip43

For additional information on amsmath, use the `?' option.
("C:\Program Files\MiKTeX 2.9\tex\latex\ams\math\amstext.sty"
Package: amstext 2000/06/29 v2.01

("C:\Program Files\MiKTeX 2.9\tex\latex\ams\math\amsgen.sty"
File: amsgen.sty 1999/11/30 v2.0
\@emptytoks=\toks14
\ex@=\dimen104
))
("C:\Program Files\MiKTeX 2.9\tex\latex\ams\math\amsbsy.sty"
Package: amsbsy 1999/11/29 v1.2d
\pmbraise@=\dimen105
)
("C:\Program Files\MiKTeX 2.9\tex\latex\ams\math\amsopn.sty"
Package: amsopn 1999/12/14 v2.01 operator names
)
\inf@bad=\count88
LaTeX Info: Redefining \frac on input line 211.
\uproot@=\count89
\leftroot@=\count90
LaTeX Info: Redefining \overline on input line 307.
\classnum@=\count91
\DOTSCASE@=\count92
LaTeX Info: Redefining \ldots on input line 379.
LaTeX Info: Redefining \dots on input line 382.
LaTeX Info: Redefining \cdots on input line 467.
\Mathstrutbox@=\box26
\strutbox@=\box27
\big@size=\dimen106
LaTeX Font Info:    Redeclaring font encoding OML on input line 567.
LaTeX Font Info:    Redeclaring font encoding OMS on input line 568.
\macc@depth=\count93
\c@MaxMatrixCols=\count94
\dotsspace@=\muskip10
\c@parentequation=\count95
\dspbrk@lvl=\count96
\tag@help=\toks15
\row@=\count97
\column@=\count98
\maxfields@=\count99
\andhelp@=\toks16
\eqnshift@=\dimen107
\alignsep@=\dimen108
\tagshift@=\dimen109
\tagwidth@=\dimen110
\totwidth@=\dimen111
\lineht@=\dimen112
\@envbody=\toks17
\multlinegap=\skip44
\multlinetaggap=\skip45
\mathdisplay@stack=\toks18
LaTeX Info: Redefining \[ on input line 2666.
LaTeX Info: Redefining \] on input line 2667.
)
("C:\Program Files\MiKTeX 2.9\tex\latex\ams\classes\amsthm.sty"
Package: amsthm 2004/08/06 v2.20
\thm@style=\toks19
\thm@bodyfont=\toks20
\thm@headfont=\toks21
\thm@notefont=\toks22
\thm@headpunct=\toks23
\thm@preskip=\skip46
\thm@postskip=\skip47
\thm@headsep=\skip48
\dth@everypar=\toks24
)
("C:\Program Files\MiKTeX 2.9\tex\latex\amsfonts\amsfonts.sty"
Package: amsfonts 2009/06/22 v3.00 Basic AMSFonts support
\symAMSa=\mathgroup4
\symAMSb=\mathgroup5
LaTeX Font Info:    Overwriting math alphabet `\mathfrak' in version `bold'
(Font)                  U/euf/m/n --> U/euf/b/n on input line 96.
)
("C:\Program Files\MiKTeX 2.9\tex\latex\graphics\graphicx.sty"
Package: graphicx 1999/02/16 v1.0f Enhanced LaTeX Graphics (DPC,SPQR)

("C:\Program Files\MiKTeX 2.9\tex\latex\graphics\keyval.sty"
Package: keyval 1999/03/16 v1.13 key=value parser (DPC)
\KV@toks@=\toks25
)
("C:\Program Files\MiKTeX 2.9\tex\latex\graphics\graphics.sty"
Package: graphics 2009/02/05 v1.0o Standard LaTeX Graphics (DPC,SPQR)

("C:\Program Files\MiKTeX 2.9\tex\latex\graphics\trig.sty"
Package: trig 1999/03/16 v1.09 sin cos tan (DPC)
)
("C:\Program Files\MiKTeX 2.9\tex\latex\00miktex\graphics.cfg"
File: graphics.cfg 2007/01/18 v1.5 graphics configuration of teTeX/TeXLive
)
Package graphics Info: Driver file: pdftex.def on input line 91.

("C:\Program Files\MiKTeX 2.9\tex\latex\pdftex-def\pdftex.def"
File: pdftex.def 2011/05/27 v0.06d Graphics/color for pdfTeX

("C:\Program Files\MiKTeX 2.9\tex\generic\oberdiek\infwarerr.sty"
Package: infwarerr 2010/04/08 v1.3 Providing info/warning/error messages (HO)
)
("C:\Program Files\MiKTeX 2.9\tex\generic\oberdiek\ltxcmds.sty"
Package: ltxcmds 2011/11/09 v1.22 LaTeX kernel commands for general use (HO)
)
\Gread@gobject=\count100
))
\Gin@req@height=\dimen113
\Gin@req@width=\dimen114
)
("C:\Program Files\MiKTeX 2.9\tex\latex\geometry\geometry.sty"
Package: geometry 2010/09/12 v5.6 Page Geometry

("C:\Program Files\MiKTeX 2.9\tex\generic\oberdiek\ifpdf.sty"
Package: ifpdf 2011/01/30 v2.3 Provides the ifpdf switch (HO)
Package ifpdf Info: pdfTeX in PDF mode is detected.
)
("C:\Program Files\MiKTeX 2.9\tex\generic\oberdiek\ifvtex.sty"
Package: ifvtex 2010/03/01 v1.5 Detect VTeX and its facilities (HO)
Package ifvtex Info: VTeX not detected.
)
("C:\Program Files\MiKTeX 2.9\tex\generic\ifxetex\ifxetex.sty"
Package: ifxetex 2010/09/12 v0.6 Provides ifxetex conditional
)
\Gm@cnth=\count101
\Gm@cntv=\count102
\c@Gm@tempcnt=\count103
\Gm@bindingoffset=\dimen115
\Gm@wd@mp=\dimen116
\Gm@odd@mp=\dimen117
\Gm@even@mp=\dimen118
\Gm@layoutwidth=\dimen119
\Gm@layoutheight=\dimen120
\Gm@layouthoffset=\dimen121
\Gm@layoutvoffset=\dimen122
\Gm@dimlist=\toks26

("C:\Program Files\MiKTeX 2.9\tex\latex\geometry\geometry.cfg"))
LaTeX Font Info:    Redeclaring symbol font `AMSb' on input line 44.
LaTeX Font Info:    Overwriting symbol font `AMSb' in version `normal'
(Font)                  U/msb/m/n --> U/msb/m/n on input line 44.
LaTeX Font Info:    Overwriting symbol font `AMSb' in version `bold'
(Font)                  U/msb/m/n --> U/msb/m/n on input line 44.
\c@thm=\count104
\c@defn=\count105
\c@rem=\count106


LaTeX Warning: Unused global option(s):
    [9pt].

(D:\klMatrixCore\output\kl_Regression3_26_15_19.aux)
LaTeX Font Info:    Checking defaults for OML/cmm/m/it on input line 64.
LaTeX Font Info:    ... okay on input line 64.
LaTeX Font Info:    Checking defaults for T1/cmr/m/n on input line 64.
LaTeX Font Info:    ... okay on input line 64.
LaTeX Font Info:    Checking defaults for OT1/cmr/m/n on input line 64.
LaTeX Font Info:    ... okay on input line 64.
LaTeX Font Info:    Checking defaults for OMS/cmsy/m/n on input line 64.
LaTeX Font Info:    ... okay on input line 64.
LaTeX Font Info:    Checking defaults for OMX/cmex/m/n on input line 64.
LaTeX Font Info:    ... okay on input line 64.
LaTeX Font Info:    Checking defaults for U/cmr/m/n on input line 64.
LaTeX Font Info:    ... okay on input line 64.

("C:\Program Files\MiKTeX 2.9\tex\context\base\supp-pdf.mkii"
[Loading MPS to PDF converter (version 2006.09.02).]
\scratchcounter=\count107
\scratchdimen=\dimen123
\scratchbox=\box28
\nofMPsegments=\count108
\nofMParguments=\count109
\everyMPshowfont=\toks27
\MPscratchCnt=\count110
\MPscratchDim=\dimen124
\MPnumerator=\count111
\makeMPintoPDFobject=\count112
\everyMPtoPDFconversion=\toks28
)
*geometry* driver: auto-detecting
*geometry* detected driver: pdftex
*geometry* verbose mode - [ preamble ] result:
* driver: pdftex
* paper: <default>
* layout: <same size as paper>
* layoutoffset:(h,v)=(0.0pt,0.0pt)
* modes: 
* h-part:(L,W,R)=(14.45377pt, 585.38747pt, 14.45377pt)
* v-part:(T,H,B)=(14.45377pt, 766.06245pt, 14.45377pt)
* \paperwidth=614.295pt
* \paperheight=794.96999pt
* \textwidth=585.38747pt
* \textheight=766.06245pt
* \oddsidemargin=-57.81622pt
* \evensidemargin=-57.81622pt
* \topmargin=-94.81622pt
* \headheight=12.0pt
* \headsep=25.0pt
* \topskip=10.0pt
* \footskip=30.0pt
* \marginparwidth=65.0pt
* \marginparsep=11.0pt
* \columnsep=10.0pt
* \skip\footins=9.0pt plus 4.0pt minus 2.0pt
* \hoffset=0.0pt
* \voffset=0.0pt
* \mag=1000
* \@twocolumnfalse
* \@twosidefalse
* \@mparswitchfalse
* \@reversemarginfalse
* (1in=72.27pt=25.4mm, 1cm=28.453pt)

LaTeX Font Info:    Try loading font information for U+msa on input line 69.
("C:\Program Files\MiKTeX 2.9\tex\latex\amsfonts\umsa.fd"
File: umsa.fd 2009/06/22 v3.00 AMS symbols A
)
LaTeX Font Info:    Try loading font information for U+msb on input line 69.

("C:\Program Files\MiKTeX 2.9\tex\latex\amsfonts\umsb.fd"
File: umsb.fd 2009/06/22 v3.00 AMS symbols B
)
<Re_TraceyWidom.pdf, id=1, 468.75125pt x 394.47375pt>
File: Re_TraceyWidom.pdf Graphic file (type pdf)
 <use Re_TraceyWidom.pdf>
Package pdftex.def Info: Re_TraceyWidom.pdf used on input line 79.
(pdftex.def)             Requested size: 284.52162pt x 284.52649pt.

<Im_TraceyWidom.pdf, id=2, 466.74374pt x 394.47375pt>
File: Im_TraceyWidom.pdf Graphic file (type pdf)
 <use Im_TraceyWidom.pdf>
Package pdftex.def Info: Im_TraceyWidom.pdf used on input line 81.
(pdftex.def)             Requested size: 284.53522pt x 284.52649pt.

<Re_Winger.pdf, id=3, 477.785pt x 394.47375pt> [1

{C:/ProgramData/MiKTeX/2.9/pdftex/config/pdftex.map} <D:/klMatrixCore/output/Re
_TraceyWidom.pdf>]
File: Re_Winger.pdf Graphic file (type pdf)

<use Re_Winger.pdf>
Package pdftex.def Info: Re_Winger.pdf used on input line 83.
(pdftex.def)             Requested size: 284.52254pt x 284.52649pt.
 <Im_Winger.pdf, id=20, 466.74374pt x 394.47375pt>
File: Im_Winger.pdf Graphic file (type pdf)

<use Im_Winger.pdf>
Package pdftex.def Info: Im_Winger.pdf used on input line 85.
(pdftex.def)             Requested size: 284.53522pt x 284.52649pt.
 [2 <D:/klMatrixCore/output/Im_TraceyWidom.pdf> <D:/klMatrixCore/output/Re_Wing
er.pdf>] <Re_lambda_n.pdf, id=36, 471.7625pt x 394.47375pt>
File: Re_lambda_n.pdf Graphic file (type pdf)

<use Re_lambda_n.pdf>
Package pdftex.def Info: Re_lambda_n.pdf used on input line 98.
(pdftex.def)             Requested size: 284.52817pt x 284.52649pt.
 <Im_lambda_n.pdf, id=37, 476.78125pt x 394.47375pt>
File: Im_lambda_n.pdf Graphic file (type pdf)

<use Im_lambda_n.pdf>
Package pdftex.def Info: Im_lambda_n.pdf used on input line 100.
(pdftex.def)             Requested size: 284.54318pt x 284.52649pt.
 [3 <D:/klMatrixCore/output/Im_Winger.pdf> <D:/klMatrixCore/output/Re_lambda_n.
pdf>] <DIFF.pdf, id=54, 485.815pt x 388.45125pt>
File: DIFF.pdf Graphic file (type pdf)

<use DIFF.pdf>
Package pdftex.def Info: DIFF.pdf used on input line 108.
(pdftex.def)             Requested size: 284.52309pt x 284.53319pt.

Underfull \hbox (badness 10000) in paragraph at lines 112--125

 []


Overfull \hbox (328.07477pt too wide) in paragraph at lines 126--132
[]$\OML/cmm/m/it/10 SPDEigs \OT1/cmr/m/n/10 = []$ 
 []


Underfull \hbox (badness 10000) in paragraph at lines 126--132

 []

[4 <D:/klMatrixCore/output/Im_lambda_n.pdf> <D:/klMatrixCore/output/DIFF.pdf>]
Underfull \hbox (badness 10000) in paragraph at lines 133--146

 []


Overfull \hbox (447.95361pt too wide) in paragraph at lines 147--153
[]$\OML/cmm/m/it/10 exp\OT1/cmr/m/n/10 (\OML/cmm/m/it/10 SPD\OT1/cmr/m/n/10 )\O
ML/cmm/m/it/10 eigs \OT1/cmr/m/n/10 = []$ 
 []


Underfull \hbox (badness 10000) in paragraph at lines 147--153

 []


Overfull \hbox (368.88737pt too wide) in paragraph at lines 154--160
[]$\OML/cmm/m/it/10 log\OT1/cmr/m/n/10 (\OML/cmm/m/it/10 exp\OT1/cmr/m/n/10 (\O
ML/cmm/m/it/10 SPD\OT1/cmr/m/n/10 )\OML/cmm/m/it/10 eigs\OT1/cmr/m/n/10 ) = []$
 
 []


Underfull \hbox (badness 10000) in paragraph at lines 154--160

 []


Underfull \hbox (badness 10000) in paragraph at lines 161--174

 []


Overfull \hbox (330.2644pt too wide) in paragraph at lines 175--181
[]$\OML/cmm/m/it/10 exp\OT1/cmr/m/n/10 (\OML/cmm/m/it/10 Id\OT1/cmr/m/n/10 )\OM
L/cmm/m/it/10 eigs \OT1/cmr/m/n/10 = []$ 
 []


Underfull \hbox (badness 10000) in paragraph at lines 175--181

 []


Overfull \hbox (351.19847pt too wide) in paragraph at lines 182--188
[]$\OML/cmm/m/it/10 log\OT1/cmr/m/n/10 (\OML/cmm/m/it/10 exp\OT1/cmr/m/n/10 (\O
ML/cmm/m/it/10 Id\OT1/cmr/m/n/10 )\OML/cmm/m/it/10 eigs\OT1/cmr/m/n/10 ) = []$ 

 []


Underfull \hbox (badness 10000) in paragraph at lines 182--188

 []


Overfull \hbox (11206.62746pt too wide) in paragraph at lines 191--197
[]$\OMS/cmsy/m/n/10 j\OT1/cmr/m/n/10 (\OML/cmm/m/it/10 SPD\OT1/cmr/m/n/10 (\OML
/cmm/m/it/10 n\OT1/cmr/m/n/10 )\OML/cmm/m/it/10 Eigs \OMS/cmsy/m/n/10   \OML/cm
m/m/it/10 log\OT1/cmr/m/n/10 (\OML/cmm/m/it/10 exp\OT1/cmr/m/n/10 (\OML/cmm/m/i
t/10 SPD\OT1/cmr/m/n/10 (\OML/cmm/m/it/10 n\OT1/cmr/m/n/10 ))\OML/cmm/m/it/10 e
igs\OT1/cmr/m/n/10 )\OMS/cmsy/m/n/10 j[] \OT1/cmr/m/n/10 = []$ 
 []


Underfull \hbox (badness 10000) in paragraph at lines 191--197

 []


Underfull \hbox (badness 10000) in paragraph at lines 203--211

 []


Overfull \hbox (297.53224pt too wide) in paragraph at lines 212--218
[]$\OML/cmm/m/it/10 Weigs \OT1/cmr/m/n/10 = []$ 
 []


Underfull \hbox (badness 10000) in paragraph at lines 212--218

 []


Underfull \hbox (badness 10000) in paragraph at lines 219--227

 []


Underfull \hbox (badness 10000) in paragraph at lines 228--234

 []


Underfull \hbox (badness 10000) in paragraph at lines 235--243

 []


Overfull \hbox (375.35155pt too wide) in paragraph at lines 244--250
[]$\OML/cmm/m/it/10 SampleCovarianceEigs \OT1/cmr/m/n/10 = []$ 
 []


Underfull \hbox (badness 10000) in paragraph at lines 244--250

 []


Underfull \hbox (badness 10000) in paragraph at lines 251--257

 []


Underfull \hbox (badness 10000) in paragraph at lines 258--266

 []


Underfull \hbox (badness 10000) in paragraph at lines 267--275

 []


Underfull \hbox (badness 10000) in paragraph at lines 276--284

 []


Underfull \hbox (badness 10000) in paragraph at lines 285--293

 []

[5]
Underfull \hbox (badness 10000) in paragraph at lines 294--302

 []


Underfull \hbox (badness 10000) in paragraph at lines 303--311

 []

[6] <uniform.pdf, id=77, 492.84125pt x 404.51125pt>
File: uniform.pdf Graphic file (type pdf)
 <use uniform.pdf>
Package pdftex.def Info: uniform.pdf used on input line 321.
(pdftex.def)             Requested size: 142.26604pt x 142.26617pt.

<cauchy.pdf, id=78, 487.8225pt x 404.51125pt>
File: cauchy.pdf Graphic file (type pdf)
 <use cauchy.pdf>
Package pdftex.def Info: cauchy.pdf used on input line 327.
(pdftex.def)             Requested size: 142.26135pt x 142.26617pt.

<exponential.pdf, id=79, 484.81125pt x 404.51125pt>
File: exponential.pdf Graphic file (type pdf)
 <use exponential.pdf>
Package pdftex.def Info: exponential.pdf used on input line 333.
(pdftex.def)             Requested size: 142.26352pt x 142.26617pt.

[7 <D:/klMatrixCore/output/uniform.pdf> <D:/klMatrixCore/output/cauchy.pdf> <D:
/klMatrixCore/output/exponential.pdf>]
<gamma.pdf, id=93, 478.78876pt x 404.51125pt>
File: gamma.pdf Graphic file (type pdf)
 <use gamma.pdf>
Package pdftex.def Info: gamma.pdf used on input line 340.
(pdftex.def)             Requested size: 142.26425pt x 142.26617pt.

<GIG.pdf, id=94, 489.83pt x 404.51125pt>
File: GIG.pdf Graphic file (type pdf)
 <use GIG.pdf>
Package pdftex.def Info: GIG.pdf used on input line 346.
(pdftex.def)             Requested size: 142.26381pt x 142.26617pt.

<normal-box-muller.pdf, id=95, 486.81876pt x 404.51125pt>
File: normal-box-muller.pdf Graphic file (type pdf)

<use normal-box-muller.pdf>
Package pdftex.def Info: normal-box-muller.pdf used on input line 352.
(pdftex.def)             Requested size: 142.25835pt x 142.26617pt.
 [8 <D:/klMatrixCore/output/gamma.pdf> <D:/klMatrixCore/output/GIG.pdf> <D:/klM
atrixCore/output/normal-box-muller.pdf>]
<normal-inverse-approximation.pdf, id=109, 486.81876pt x 404.51125pt>
File: normal-inverse-approximation.pdf Graphic file (type pdf)

<use normal-inverse-approximation.pdf>
Package pdftex.def Info: normal-inverse-approximation.pdf used on input line 35
9.
(pdftex.def)             Requested size: 142.25835pt x 142.26617pt.

<pareto.pdf, id=110, 489.83pt x 405.515pt>
File: pareto.pdf Graphic file (type pdf)
 <use pareto.pdf>
Package pdftex.def Info: pareto.pdf used on input line 365.
(pdftex.def)             Requested size: 142.26381pt x 142.2665pt.

<poisson.pdf, id=111, 489.83pt x 404.51125pt>
File: poisson.pdf Graphic file (type pdf)
 <use poisson.pdf>
Package pdftex.def Info: poisson.pdf used on input line 371.
(pdftex.def)             Requested size: 142.26381pt x 142.26617pt.
 [9 <D:/klMatrixCore/output/normal-inverse-approximation.pdf> <D:/klMatrixCore/
output/pareto.pdf> <D:/klMatrixCore/output/poisson.pdf>]
<beta.pdf, id=125, 484.81125pt x 404.51125pt>
File: beta.pdf Graphic file (type pdf)
 <use beta.pdf>
Package pdftex.def Info: beta.pdf used on input line 378.
(pdftex.def)             Requested size: 142.26352pt x 142.26617pt.
LaTeX Font Info:    Try loading font information for OMS+cmr on input line 383.


("C:\Program Files\MiKTeX 2.9\tex\latex\base\omscmr.fd"
File: omscmr.fd 1999/05/25 v2.5h Standard LaTeX font definitions
)
LaTeX Font Info:    Font shape `OMS/cmr/m/n' in size <10> not available
(Font)              Font shape `OMS/cmsy/m/n' tried instead on input line 383.

Underfull \hbox (badness 10000) in paragraph at lines 389--395

 []


Underfull \hbox (badness 10000) in paragraph at lines 396--402

 []


Underfull \hbox (badness 10000) in paragraph at lines 403--409

 []


Underfull \hbox (badness 10000) in paragraph at lines 410--411

 []


Underfull \hbox (badness 10000) in paragraph at lines 412--420

 []


Underfull \hbox (badness 10000) in paragraph at lines 421--429

 []


Underfull \hbox (badness 10000) in paragraph at lines 430--438

 []

<rv1_corr.pdf, id=126, 475.7775pt x 388.45125pt>
File: rv1_corr.pdf Graphic file (type pdf)
 <use rv1_corr.pdf>
Package pdftex.def Info: rv1_corr.pdf used on input line 447.
(pdftex.def)             Requested size: 284.53944pt x 284.53319pt.

<rv2_corr.pdf, id=127, 475.7775pt x 388.45125pt> [10 <D:/klMatrixCore/output/be
ta.pdf>]
File: rv2_corr.pdf Graphic file (type pdf)
 <use rv2_corr.pdf>
Package pdftex.def Info: rv2_corr.pdf used on input line 449.
(pdftex.def)             Requested size: 284.53944pt x 284.53319pt.
 <rv3_corr.pdf, id=134, 475.7775pt x 388.45125pt>
File: rv3_corr.pdf Graphic file (type pdf)

<use rv3_corr.pdf>
Package pdftex.def Info: rv3_corr.pdf used on input line 451.
(pdftex.def)             Requested size: 284.53944pt x 284.53319pt.
 <trainingPoints.pdf, id=135, 486.81876pt x 391.4625pt>
[11 <D:/klMatrixCore/output/rv1_corr.pdf> <D:/klMatrixCore/output/rv2_corr.pdf>
]
File: trainingPoints.pdf Graphic file (type pdf)
 <use trainingPoints.pdf>
Package pdftex.def Info: trainingPoints.pdf used on input line 453.
(pdftex.def)             Requested size: 284.52412pt x 284.54073pt.
 <testPoints.pdf, id=145, 486.81876pt x 391.4625pt>
File: testPoints.pdf Graphic file (type pdf)

<use testPoints.pdf>
Package pdftex.def Info: testPoints.pdf used on input line 461.
(pdftex.def)             Requested size: 284.52412pt x 284.54073pt.
 [12 <D:/klMatrixCore/output/rv3_corr.pdf> <D:/klMatrixCore/output/trainingPoin
ts.pdf>] <classDiffs.pdf, id=156, 485.815pt x 388.45125pt>
File: classDiffs.pdf Graphic file (type pdf)

<use classDiffs.pdf>
Package pdftex.def Info: classDiffs.pdf used on input line 484.
(pdftex.def)             Requested size: 284.52309pt x 284.53319pt.

Overfull \hbox (1541.91664pt too wide) in paragraph at lines 489--496
\OT1/cmr/m/n/10 Running Arnoldi Krylov al-go-rithm on $\OML/cmm/m/it/10 GOE$ \O
T1/cmr/m/n/10 ma-trix and com-par-ing to In-tel MKL. $\OML/cmm/m/it/10 Eigenval
uesviaArpack \OT1/cmr/m/n/10 = []$ 
 []


Underfull \hbox (badness 10000) in paragraph at lines 489--496

 []

[13 <D:/klMatrixCore/output/testPoints.pdf> <D:/klMatrixCore/output/classDiffs.
pdf>]
Overfull \hbox (12837.15887pt too wide) in paragraph at lines 497--503
[]$\OML/cmm/m/it/10 EigenvaluesviaIntelMKLDGEES \OT1/cmr/m/n/10 = []$ 
 []


Underfull \hbox (badness 10000) in paragraph at lines 497--503

 []


Underfull \hbox (badness 10000) in paragraph at lines 513--521

 []

<regression_features.pdf, id=169, 486.81876pt x 391.4625pt>
File: regression_features.pdf Graphic file (type pdf)

<use regression_features.pdf>
Package pdftex.def Info: regression_features.pdf used on input line 522.
(pdftex.def)             Requested size: 284.52412pt x 284.54073pt.

Overfull \hbox (191.64235pt too wide) in paragraph at lines 527--598
\OT1/cmr/m/n/10 -2.036 +1.693 -0.193 +1.254 -1.367 +0.541 -3.386 +2.985 +1.468 
+1.949 +0.776 Es-ti-mate for Beta -62774385622041922000000000000000000000000000
00000000000000000000000.000
 []


Overfull \hbox (129.05911pt too wide) in paragraph at lines 527--598
\OT1/cmr/m/n/10 -62774385622041922000000000000000000000000000000000000000000000
00000.000 -6277438562204192200000000000000000000000000000000000000000000000000.
000
 []


Underfull \hbox (badness 10000) in paragraph at lines 606--623

 []

[14 <D:/klMatrixCore/output/regression_features.pdf>]
Underfull \hbox (badness 10000) in paragraph at lines 626--643

 []


Underfull \hbox (badness 10000) in paragraph at lines 644--661

 []


Underfull \hbox (badness 10000) in paragraph at lines 662--679

 []


Underfull \hbox (badness 10000) in paragraph at lines 698--715

 []

[15]
Underfull \hbox (badness 10000) in paragraph at lines 729--746

 []


Underfull \hbox (badness 10000) in paragraph at lines 749--766

 []


Underfull \hbox (badness 10000) in paragraph at lines 769--786

 []


Underfull \hbox (badness 10000) in paragraph at lines 789--806

 []

[16]
Underfull \hbox (badness 10000) in paragraph at lines 807--824

 []


Underfull \hbox (badness 10000) in paragraph at lines 825--842

 []


Underfull \hbox (badness 10000) in paragraph at lines 843--860

 []

<PCAPoints.pdf, id=186, 486.81876pt x 391.4625pt>
File: PCAPoints.pdf Graphic file (type pdf)
 <use PCAPoints.pdf>
Package pdftex.def Info: PCAPoints.pdf used on input line 872.
(pdftex.def)             Requested size: 284.52412pt x 284.54073pt.
 [17]
Overfull \hbox (2.54196pt too wide) in paragraph at lines 884--892
\OT1/cmr/m/n/10 Sample from $\OML/cmm/m/it/10 N\OT1/cmr/m/n/10 (\OML/cmm/m/it/1
0 ; \OT1/cmr/m/n/10 )$ mean= -0.002, vari-ance=+1.004, skew-ness=+0.006, kur-
to-sis=+3.003 mean= -0.001, vari-ance=+1.017, skewness=-
 []

<R_3_Normal.pdf, id=190, 486.81876pt x 391.4625pt>
File: R_3_Normal.pdf Graphic file (type pdf)
 <use R_3_Normal.pdf>
Package pdftex.def Info: R_3_Normal.pdf used on input line 893.
(pdftex.def)             Requested size: 284.52412pt x 284.54073pt.

<R_3_Normal_Mixture.pdf, id=191, 494.84875pt x 391.4625pt>
File: R_3_Normal_Mixture.pdf Graphic file (type pdf)

<use R_3_Normal_Mixture.pdf>
Package pdftex.def Info: R_3_Normal_Mixture.pdf used on input line 896.
(pdftex.def)             Requested size: 284.52827pt x 284.54073pt.
 [18 <D:/klMatrixCore/output/PCAPoints.pdf> <D:/klMatrixCore/output/R_3_Normal.
pdf>] [19 <D:/klMatrixCore/output/R_3_Normal_Mixture.pdf>] (D:\klMatrixCore\out
put\kl_Regression3_26_15_19.aux) ) 
Here is how much of TeX's memory you used:
 2900 strings out of 493921
 37770 string characters out of 3147267
 138623 words of memory out of 3000000
 6141 multiletter control sequences out of 15000+200000
 11635 words of font info for 45 fonts, out of 3000000 for 9000
 841 hyphenation exceptions out of 8191
 27i,8n,32p,2870b,197s stack positions out of 5000i,500n,10000p,200000b,50000s
<C:/Program Files/MiKTeX 2.9/fonts/type1/publ
ic/amsfonts/cm/cmbx10.pfb><C:/Program Files/MiKTeX 2.9/fonts/type1/public/amsfo
nts/cm/cmex10.pfb><C:/Program Files/MiKTeX 2.9/fonts/type1/public/amsfonts/cm/c
mmi10.pfb><C:/Program Files/MiKTeX 2.9/fonts/type1/public/amsfonts/cm/cmmi7.pfb
><C:/Program Files/MiKTeX 2.9/fonts/type1/public/amsfonts/cm/cmr10.pfb><C:/Prog
ram Files/MiKTeX 2.9/fonts/type1/public/amsfonts/cm/cmr12.pfb><C:/Program Files
/MiKTeX 2.9/fonts/type1/public/amsfonts/cm/cmr17.pfb><C:/Program Files/MiKTeX 2
.9/fonts/type1/public/amsfonts/cm/cmr5.pfb><C:/Program Files/MiKTeX 2.9/fonts/t
ype1/public/amsfonts/cm/cmr7.pfb><C:/Program Files/MiKTeX 2.9/fonts/type1/publi
c/amsfonts/cm/cmsy10.pfb><C:/Program Files/MiKTeX 2.9/fonts/type1/public/amsfon
ts/cm/cmsy5.pfb><C:/Program Files/MiKTeX 2.9/fonts/type1/public/amsfonts/cm/cms
y7.pfb><C:/Program Files/MiKTeX 2.9/fonts/type1/public/amsfonts/cm/cmti7.pfb><C
:/Program Files/MiKTeX 2.9/fonts/type1/public/amsfonts/symbols/msbm10.pfb>
Output written on kl_Regression3_26_15_19.pdf (19 pages, 4161198 bytes).
PDF statistics:
 255 PDF objects out of 1000 (max. 8388607)
 0 named destinations out of 1000 (max. 500000)
 136 words of extra memory for PDF output out of 10000 (max. 10000000)

