This is pdfTeX, Version 3.1415926-2.4-1.40.13 (MiKTeX 2.9 64-bit) (preloaded format=pdflatex 2012.12.6)  11 MAY 2014 18:18
entering extended mode
**D:/klMatrixCore/output/kl_Regression5_12_19_12_15.tex
(D:/klMatrixCore/output/kl_Regression5_12_19_12_15.tex
LaTeX2e <2011/06/27>
Babel <v3.8m> and hyphenation patterns for english, afrikaans, ancientgreek, ar
abic, armenian, assamese, basque, bengali, bokmal, bulgarian, catalan, coptic, 
croatian, czech, danish, dutch, esperanto, estonian, farsi, finnish, french, ga
lician, german, german-x-2012-05-30, greek, gujarati, hindi, hungarian, iceland
ic, indonesian, interlingua, irish, italian, kannada, kurmanji, latin, latvian,
 lithuanian, malayalam, marathi, mongolian, mongolianlmc, monogreek, ngerman, n
german-x-2012-05-30, nynorsk, oriya, panjabi, pinyin, polish, portuguese, roman
ian, russian, sanskrit, serbian, slovak, slovenian, spanish, swedish, swissgerm
an, tamil, telugu, turkish, turkmen, ukenglish, ukrainian, uppersorbian, usengl
ishmax, welsh, loaded.
("C:\Program Files\MiKTeX 2.9\tex\latex\base\article.cls"
Document Class: article 2007/10/19 v1.4h Standard LaTeX document class
("C:\Program Files\MiKTeX 2.9\tex\latex\base\size10.clo"
File: size10.clo 2007/10/19 v1.4h Standard LaTeX file (size option)
)
\c@part=\count79
\c@section=\count80
\c@subsection=\count81
\c@subsubsection=\count82
\c@paragraph=\count83
\c@subparagraph=\count84
\c@figure=\count85
\c@table=\count86
\abovecaptionskip=\skip41
\belowcaptionskip=\skip42
\bibindent=\dimen102
)
("C:\Program Files\MiKTeX 2.9\tex\generic\babel\babel.sty"
Package: babel 2008/07/08 v3.8m The Babel package

*************************************
* Local config file bblopts.cfg used
*
("C:\Program Files\MiKTeX 2.9\tex\latex\00miktex\bblopts.cfg"
File: bblopts.cfg 2006/07/31 v1.0 MiKTeX 'babel' configuration
)
("C:\Program Files\MiKTeX 2.9\tex\generic\babel\english.ldf"
Language: english 2005/03/30 v3.3o English support from the babel system

("C:\Program Files\MiKTeX 2.9\tex\generic\babel\babel.def"
File: babel.def 2008/07/08 v3.8m Babel common definitions
\babel@savecnt=\count87
\U@D=\dimen103
)
\l@canadian = a dialect from \language\l@american 
\l@australian = a dialect from \language\l@british 
\l@newzealand = a dialect from \language\l@british 
))
("C:\Program Files\MiKTeX 2.9\tex\latex\ams\math\amsmath.sty"
Package: amsmath 2000/07/18 v2.13 AMS math features
\@mathmargin=\skip43

For additional information on amsmath, use the `?' option.
("C:\Program Files\MiKTeX 2.9\tex\latex\ams\math\amstext.sty"
Package: amstext 2000/06/29 v2.01

("C:\Program Files\MiKTeX 2.9\tex\latex\ams\math\amsgen.sty"
File: amsgen.sty 1999/11/30 v2.0
\@emptytoks=\toks14
\ex@=\dimen104
))
("C:\Program Files\MiKTeX 2.9\tex\latex\ams\math\amsbsy.sty"
Package: amsbsy 1999/11/29 v1.2d
\pmbraise@=\dimen105
)
("C:\Program Files\MiKTeX 2.9\tex\latex\ams\math\amsopn.sty"
Package: amsopn 1999/12/14 v2.01 operator names
)
\inf@bad=\count88
LaTeX Info: Redefining \frac on input line 211.
\uproot@=\count89
\leftroot@=\count90
LaTeX Info: Redefining \overline on input line 307.
\classnum@=\count91
\DOTSCASE@=\count92
LaTeX Info: Redefining \ldots on input line 379.
LaTeX Info: Redefining \dots on input line 382.
LaTeX Info: Redefining \cdots on input line 467.
\Mathstrutbox@=\box26
\strutbox@=\box27
\big@size=\dimen106
LaTeX Font Info:    Redeclaring font encoding OML on input line 567.
LaTeX Font Info:    Redeclaring font encoding OMS on input line 568.
\macc@depth=\count93
\c@MaxMatrixCols=\count94
\dotsspace@=\muskip10
\c@parentequation=\count95
\dspbrk@lvl=\count96
\tag@help=\toks15
\row@=\count97
\column@=\count98
\maxfields@=\count99
\andhelp@=\toks16
\eqnshift@=\dimen107
\alignsep@=\dimen108
\tagshift@=\dimen109
\tagwidth@=\dimen110
\totwidth@=\dimen111
\lineht@=\dimen112
\@envbody=\toks17
\multlinegap=\skip44
\multlinetaggap=\skip45
\mathdisplay@stack=\toks18
LaTeX Info: Redefining \[ on input line 2666.
LaTeX Info: Redefining \] on input line 2667.
)
("C:\Program Files\MiKTeX 2.9\tex\latex\ams\classes\amsthm.sty"
Package: amsthm 2004/08/06 v2.20
\thm@style=\toks19
\thm@bodyfont=\toks20
\thm@headfont=\toks21
\thm@notefont=\toks22
\thm@headpunct=\toks23
\thm@preskip=\skip46
\thm@postskip=\skip47
\thm@headsep=\skip48
\dth@everypar=\toks24
)
("C:\Program Files\MiKTeX 2.9\tex\latex\amsfonts\amsfonts.sty"
Package: amsfonts 2009/06/22 v3.00 Basic AMSFonts support
\symAMSa=\mathgroup4
\symAMSb=\mathgroup5
LaTeX Font Info:    Overwriting math alphabet `\mathfrak' in version `bold'
(Font)                  U/euf/m/n --> U/euf/b/n on input line 96.
)
("C:\Program Files\MiKTeX 2.9\tex\latex\graphics\graphicx.sty"
Package: graphicx 1999/02/16 v1.0f Enhanced LaTeX Graphics (DPC,SPQR)

("C:\Program Files\MiKTeX 2.9\tex\latex\graphics\keyval.sty"
Package: keyval 1999/03/16 v1.13 key=value parser (DPC)
\KV@toks@=\toks25
)
("C:\Program Files\MiKTeX 2.9\tex\latex\graphics\graphics.sty"
Package: graphics 2009/02/05 v1.0o Standard LaTeX Graphics (DPC,SPQR)

("C:\Program Files\MiKTeX 2.9\tex\latex\graphics\trig.sty"
Package: trig 1999/03/16 v1.09 sin cos tan (DPC)
)
("C:\Program Files\MiKTeX 2.9\tex\latex\00miktex\graphics.cfg"
File: graphics.cfg 2007/01/18 v1.5 graphics configuration of teTeX/TeXLive
)
Package graphics Info: Driver file: pdftex.def on input line 91.

("C:\Program Files\MiKTeX 2.9\tex\latex\pdftex-def\pdftex.def"
File: pdftex.def 2011/05/27 v0.06d Graphics/color for pdfTeX

("C:\Program Files\MiKTeX 2.9\tex\generic\oberdiek\infwarerr.sty"
Package: infwarerr 2010/04/08 v1.3 Providing info/warning/error messages (HO)
)
("C:\Program Files\MiKTeX 2.9\tex\generic\oberdiek\ltxcmds.sty"
Package: ltxcmds 2011/11/09 v1.22 LaTeX kernel commands for general use (HO)
)
\Gread@gobject=\count100
))
\Gin@req@height=\dimen113
\Gin@req@width=\dimen114
)
("C:\Program Files\MiKTeX 2.9\tex\latex\geometry\geometry.sty"
Package: geometry 2010/09/12 v5.6 Page Geometry

("C:\Program Files\MiKTeX 2.9\tex\generic\oberdiek\ifpdf.sty"
Package: ifpdf 2011/01/30 v2.3 Provides the ifpdf switch (HO)
Package ifpdf Info: pdfTeX in PDF mode is detected.
)
("C:\Program Files\MiKTeX 2.9\tex\generic\oberdiek\ifvtex.sty"
Package: ifvtex 2010/03/01 v1.5 Detect VTeX and its facilities (HO)
Package ifvtex Info: VTeX not detected.
)
("C:\Program Files\MiKTeX 2.9\tex\generic\ifxetex\ifxetex.sty"
Package: ifxetex 2010/09/12 v0.6 Provides ifxetex conditional
)
\Gm@cnth=\count101
\Gm@cntv=\count102
\c@Gm@tempcnt=\count103
\Gm@bindingoffset=\dimen115
\Gm@wd@mp=\dimen116
\Gm@odd@mp=\dimen117
\Gm@even@mp=\dimen118
\Gm@layoutwidth=\dimen119
\Gm@layoutheight=\dimen120
\Gm@layouthoffset=\dimen121
\Gm@layoutvoffset=\dimen122
\Gm@dimlist=\toks26

("C:\Program Files\MiKTeX 2.9\tex\latex\geometry\geometry.cfg"))
LaTeX Font Info:    Redeclaring symbol font `AMSb' on input line 44.
LaTeX Font Info:    Overwriting symbol font `AMSb' in version `normal'
(Font)                  U/msb/m/n --> U/msb/m/n on input line 44.
LaTeX Font Info:    Overwriting symbol font `AMSb' in version `bold'
(Font)                  U/msb/m/n --> U/msb/m/n on input line 44.
\c@thm=\count104
\c@defn=\count105
\c@rem=\count106


LaTeX Warning: Unused global option(s):
    [9pt].

No file kl_Regression5_12_19_12_15.aux.
LaTeX Font Info:    Checking defaults for OML/cmm/m/it on input line 64.
LaTeX Font Info:    ... okay on input line 64.
LaTeX Font Info:    Checking defaults for T1/cmr/m/n on input line 64.
LaTeX Font Info:    ... okay on input line 64.
LaTeX Font Info:    Checking defaults for OT1/cmr/m/n on input line 64.
LaTeX Font Info:    ... okay on input line 64.
LaTeX Font Info:    Checking defaults for OMS/cmsy/m/n on input line 64.
LaTeX Font Info:    ... okay on input line 64.
LaTeX Font Info:    Checking defaults for OMX/cmex/m/n on input line 64.
LaTeX Font Info:    ... okay on input line 64.
LaTeX Font Info:    Checking defaults for U/cmr/m/n on input line 64.
LaTeX Font Info:    ... okay on input line 64.
("C:\Program Files\MiKTeX 2.9\tex\context\base\supp-pdf.mkii"
[Loading MPS to PDF converter (version 2006.09.02).]
\scratchcounter=\count107
\scratchdimen=\dimen123
\scratchbox=\box28
\nofMPsegments=\count108
\nofMParguments=\count109
\everyMPshowfont=\toks27
\MPscratchCnt=\count110
\MPscratchDim=\dimen124
\MPnumerator=\count111
\makeMPintoPDFobject=\count112
\everyMPtoPDFconversion=\toks28
)
*geometry* driver: auto-detecting
*geometry* detected driver: pdftex
*geometry* verbose mode - [ preamble ] result:
* driver: pdftex
* paper: <default>
* layout: <same size as paper>
* layoutoffset:(h,v)=(0.0pt,0.0pt)
* modes: 
* h-part:(L,W,R)=(14.45377pt, 585.38747pt, 14.45377pt)
* v-part:(T,H,B)=(14.45377pt, 766.06245pt, 14.45377pt)
* \paperwidth=614.295pt
* \paperheight=794.96999pt
* \textwidth=585.38747pt
* \textheight=766.06245pt
* \oddsidemargin=-57.81622pt
* \evensidemargin=-57.81622pt
* \topmargin=-94.81622pt
* \headheight=12.0pt
* \headsep=25.0pt
* \topskip=10.0pt
* \footskip=30.0pt
* \marginparwidth=65.0pt
* \marginparsep=11.0pt
* \columnsep=10.0pt
* \skip\footins=9.0pt plus 4.0pt minus 2.0pt
* \hoffset=0.0pt
* \voffset=0.0pt
* \mag=1000
* \@twocolumnfalse
* \@twosidefalse
* \@mparswitchfalse
* \@reversemarginfalse
* (1in=72.27pt=25.4mm, 1cm=28.453pt)

LaTeX Font Info:    Try loading font information for U+msa on input line 69.
("C:\Program Files\MiKTeX 2.9\tex\latex\amsfonts\umsa.fd"
File: umsa.fd 2009/06/22 v3.00 AMS symbols A
)
LaTeX Font Info:    Try loading font information for U+msb on input line 69.

("C:\Program Files\MiKTeX 2.9\tex\latex\amsfonts\umsb.fd"
File: umsb.fd 2009/06/22 v3.00 AMS symbols B
)
<GaussianMixture_ClusterCenters25_Centers.pdf, id=1, 481.8pt x 388.45125pt>
File: GaussianMixture_ClusterCenters25_Centers.pdf Graphic file (type pdf)

<use GaussianMixture_ClusterCenters25_Centers.pdf>
Package pdftex.def Info: GaussianMixture_ClusterCenters25_Centers.pdf used on i
nput line 78.
(pdftex.def)             Requested size: 284.53154pt x 284.53319pt.

<KCenterClusterMemberships_25_Centers.pdf, id=2, 477.785pt x 388.45125pt>
File: KCenterClusterMemberships_25_Centers.pdf Graphic file (type pdf)

<use KCenterClusterMemberships_25_Centers.pdf>
Package pdftex.def Info: KCenterClusterMemberships_25_Centers.pdf used on input
 line 80.
(pdftex.def)             Requested size: 284.52254pt x 284.53319pt.

<FGT25_Centers.pdf, id=3, 491.8375pt x 388.45125pt> [1

{C:/ProgramData/MiKTeX/2.9/pdftex/config/pdftex.map} <D:/klMatrixCore/output/Ga
ussianMixture_ClusterCenters25_Centers.pdf>]
File: FGT25_Centers.pdf Graphic file (type pdf)
 <use FGT25_Centers.pdf>
Package pdftex.def Info: FGT25_Centers.pdf used on input line 82.
(pdftex.def)             Requested size: 284.53798pt x 284.53319pt.

<GaussianMixture_Dim_3_Centers2.pdf, id=16, 496.85625pt x 396.48125pt>
File: GaussianMixture_Dim_3_Centers2.pdf Graphic file (type pdf)

<use GaussianMixture_Dim_3_Centers2.pdf>
Package pdftex.def Info: GaussianMixture_Dim_3_Centers2.pdf used on input line 
86.
(pdftex.def)             Requested size: 284.53017pt x 284.5346pt.

<GaussianMixture_Dim_1_Centers2.pdf, id=17, 482.80376pt x 393.47pt> [2 <D:/klMa
trixCore/output/KCenterClusterMemberships_25_Centers.pdf> <D:/klMatrixCore/outp
ut/FGT25_Centers.pdf>]
File: GaussianMixture_Dim_1_Centers2.pdf Graphic file (type pdf)
 <use GaussianMixture_Dim_1_Centers2.pdf>
Package pdftex.def Info: GaussianMixture_Dim_1_Centers2.pdf used on input line 
88.
(pdftex.def)             Requested size: 284.53497pt x 284.52296pt.

<klVSLInv.pdf, id=28, 474.77374pt x 388.45125pt>
File: klVSLInv.pdf Graphic file (type pdf)
 <use klVSLInv.pdf>
Package pdftex.def Info: klVSLInv.pdf used on input line 96.
(pdftex.def)             Requested size: 284.54044pt x 284.53319pt.

<klVSLSqrt.pdf, id=29, 471.7625pt x 388.45125pt> [3 <D:/klMatrixCore/output/Gau
ssianMixture_Dim_3_Centers2.pdf> <D:/klMatrixCore/output/GaussianMixture_Dim_1_
Centers2.pdf>]
File: klVSLSqrt.pdf Graphic file (type pdf)
 <use klVSLSqrt.pdf>
Package pdftex.def Info: klVSLSqrt.pdf used on input line 98.
(pdftex.def)             Requested size: 284.52817pt x 284.53319pt.

<klVSLExp.pdf, id=41, 471.7625pt x 388.45125pt>
File: klVSLExp.pdf Graphic file (type pdf)
 <use klVSLExp.pdf>
Package pdftex.def Info: klVSLExp.pdf used on input line 100.
(pdftex.def)             Requested size: 284.52817pt x 284.53319pt.

<klVSLExpm1.pdf, id=42, 471.7625pt x 388.45125pt> [4 <D:/klMatrixCore/output/kl
VSLInv.pdf> <D:/klMatrixCore/output/klVSLSqrt.pdf>]
File: klVSLExpm1.pdf Graphic file (type pdf)
 <use klVSLExpm1.pdf>
Package pdftex.def Info: klVSLExpm1.pdf used on input line 102.
(pdftex.def)             Requested size: 284.52817pt x 284.53319pt.

<klVSLLn.pdf, id=52, 477.785pt x 388.45125pt>
File: klVSLLn.pdf Graphic file (type pdf)
 <use klVSLLn.pdf>
Package pdftex.def Info: klVSLLn.pdf used on input line 104.
(pdftex.def)             Requested size: 284.52254pt x 284.53319pt.

<klVSLLog10.pdf, id=53, 477.785pt x 388.45125pt> [5 <D:/klMatrixCore/output/klV
SLExp.pdf> <D:/klMatrixCore/output/klVSLExpm1.pdf>]
File: klVSLLog10.pdf Graphic file (type pdf)
 <use klVSLLog10.pdf>
Package pdftex.def Info: klVSLLog10.pdf used on input line 106.
(pdftex.def)             Requested size: 284.52254pt x 284.53319pt.

<klVSLCos.pdf, id=63, 477.785pt x 388.45125pt>
File: klVSLCos.pdf Graphic file (type pdf)
 <use klVSLCos.pdf>
Package pdftex.def Info: klVSLCos.pdf used on input line 108.
(pdftex.def)             Requested size: 284.52254pt x 284.53319pt.

<klVSLSin.pdf, id=64, 471.7625pt x 388.45125pt> [6 <D:/klMatrixCore/output/klVS
LLn.pdf> <D:/klMatrixCore/output/klVSLLog10.pdf>]
File: klVSLSin.pdf Graphic file (type pdf)
 <use klVSLSin.pdf>
Package pdftex.def Info: klVSLSin.pdf used on input line 110.
(pdftex.def)             Requested size: 284.52817pt x 284.53319pt.

<klVSLTan.pdf, id=76, 471.7625pt x 388.45125pt>
File: klVSLTan.pdf Graphic file (type pdf)
 <use klVSLTan.pdf>
Package pdftex.def Info: klVSLTan.pdf used on input line 112.
(pdftex.def)             Requested size: 284.52817pt x 284.53319pt.

<klVSLErf.pdf, id=77, 471.7625pt x 388.45125pt> [7 <D:/klMatrixCore/output/klVS
LCos.pdf> <D:/klMatrixCore/output/klVSLSin.pdf>]
File: klVSLErf.pdf Graphic file (type pdf)
 <use klVSLErf.pdf>
Package pdftex.def Info: klVSLErf.pdf used on input line 114.
(pdftex.def)             Requested size: 284.52817pt x 284.53319pt.

<klVSLErfc.pdf, id=88, 471.7625pt x 388.45125pt>
File: klVSLErfc.pdf Graphic file (type pdf)
 <use klVSLErfc.pdf>
Package pdftex.def Info: klVSLErfc.pdf used on input line 116.
(pdftex.def)             Requested size: 284.52817pt x 284.53319pt.

<klVSLCdfNorm.pdf, id=89, 477.785pt x 388.45125pt> [8 <D:/klMatrixCore/output/k
lVSLTan.pdf> <D:/klMatrixCore/output/klVSLErf.pdf>]
File: klVSLCdfNorm.pdf Graphic file (type pdf)
 <use klVSLCdfNorm.pdf>
Package pdftex.def Info: klVSLCdfNorm.pdf used on input line 118.
(pdftex.def)             Requested size: 284.52254pt x 284.53319pt.

<klVSLErfInv.pdf, id=99, 471.7625pt x 388.45125pt>
File: klVSLErfInv.pdf Graphic file (type pdf)
 <use klVSLErfInv.pdf>
Package pdftex.def Info: klVSLErfInv.pdf used on input line 120.
(pdftex.def)             Requested size: 284.52817pt x 284.53319pt.

<klVSLLGamma.pdf, id=100, 471.7625pt x 388.45125pt> [9 <D:/klMatrixCore/output/
klVSLErfc.pdf> <D:/klMatrixCore/output/klVSLCdfNorm.pdf>]
File: klVSLLGamma.pdf Graphic file (type pdf)

<use klVSLLGamma.pdf>
Package pdftex.def Info: klVSLLGamma.pdf used on input line 122.
(pdftex.def)             Requested size: 284.52817pt x 284.53319pt.
 <klVSLTGamma.pdf, id=110, 474.77374pt x 388.45125pt>
File: klVSLTGamma.pdf Graphic file (type pdf)

<use klVSLTGamma.pdf>
Package pdftex.def Info: klVSLTGamma.pdf used on input line 124.
(pdftex.def)             Requested size: 284.54044pt x 284.53319pt.
 [10 <D:/klMatrixCore/output/klVSLErfInv.pdf> <D:/klMatrixCore/output/klVSLLGam
ma.pdf>]
! Display math should end with $$.
<to be read again> 
                    
l.131 $$Sigma$ 
               = \left(
? 
! Missing $ inserted.
<inserted text> 
                $
l.131 $$Sigma$ = \left
                      (
? 

Underfull \hbox (badness 10000) in paragraph at lines 131--139

 []


Underfull \hbox (badness 10000) in paragraph at lines 140--148

 []


Underfull \hbox (badness 10000) in paragraph at lines 149--155

 []


Underfull \hbox (badness 10000) in paragraph at lines 156--164

 []


Underfull \hbox (badness 10000) in paragraph at lines 165--171

 []


Underfull \hbox (badness 10000) in paragraph at lines 172--178

 []


Underfull \hbox (badness 10000) in paragraph at lines 179--187

 []


Underfull \hbox (badness 10000) in paragraph at lines 188--196

 []


Underfull \hbox (badness 10000) in paragraph at lines 197--205

 []


Underfull \hbox (badness 10000) in paragraph at lines 206--214

 []


Underfull \hbox (badness 10000) in paragraph at lines 215--223

 []


Underfull \hbox (badness 10000) in paragraph at lines 224--232

 []

[11 <D:/klMatrixCore/output/klVSLTGamma.pdf>]
Underfull \hbox (badness 10000) in paragraph at lines 239--252

 []


Underfull \hbox (badness 10000) in paragraph at lines 255--268

 []


Underfull \hbox (badness 10000) in paragraph at lines 269--282

 []


Underfull \hbox (badness 10000) in paragraph at lines 283--296

 []


Underfull \hbox (badness 10000) in paragraph at lines 315--328

 []

[12]
Underfull \hbox (badness 10000) in paragraph at lines 342--355

 []


Underfull \hbox (badness 10000) in paragraph at lines 358--371

 []


Underfull \hbox (badness 10000) in paragraph at lines 374--387

 []


Underfull \hbox (badness 10000) in paragraph at lines 390--403

 []


Underfull \hbox (badness 10000) in paragraph at lines 404--417

 []


Underfull \hbox (badness 10000) in paragraph at lines 418--431

 []


Underfull \hbox (badness 10000) in paragraph at lines 432--445

 []

[13] <Re_TraceyWidom.pdf, id=142, 468.75125pt x 394.47375pt>
File: Re_TraceyWidom.pdf Graphic file (type pdf)

<use Re_TraceyWidom.pdf>
Package pdftex.def Info: Re_TraceyWidom.pdf used on input line 466.
(pdftex.def)             Requested size: 284.52162pt x 284.52649pt.

<Im_TraceyWidom.pdf, id=143, 466.74374pt x 394.47375pt>
File: Im_TraceyWidom.pdf Graphic file (type pdf)

<use Im_TraceyWidom.pdf>
Package pdftex.def Info: Im_TraceyWidom.pdf used on input line 468.
(pdftex.def)             Requested size: 284.53522pt x 284.52649pt.
 <Re_Winger.pdf, id=144, 477.785pt x 394.47375pt>
[14 <D:/klMatrixCore/output/Re_TraceyWidom.pdf>]
File: Re_Winger.pdf Graphic file (type pdf)
 <use Re_Winger.pdf>
Package pdftex.def Info: Re_Winger.pdf used on input line 470.
(pdftex.def)             Requested size: 284.52254pt x 284.52649pt.

<Im_Winger.pdf, id=153, 466.74374pt x 394.47375pt>
File: Im_Winger.pdf Graphic file (type pdf)
 <use Im_Winger.pdf>
Package pdftex.def Info: Im_Winger.pdf used on input line 472.
(pdftex.def)             Requested size: 284.53522pt x 284.52649pt.
 [15 <D:/klMatrixCore/output/Im_TraceyWidom.pdf> <D:/klMatrixCore/output/Re_Win
ger.pdf>]
! Missing $ inserted.
<inserted text> 
                $
l.477 ... = X_{j,i}$, 		  and $X_{i,j}$ are iid $
                                                  orall i < j,$ and $Xjj$ ar...

? 
! Missing $ inserted.
<inserted text> 
                $
l.477 ...,$ and $Xjj$ are iid $orall j  :  ; E[X^
                                                  2_{ij} ] = 1, & E[X_{ij}] ...

? 
! Misplaced alignment tab character &.
l.477 ...e iid $orall j  :  ; E[X^2_{ij} ] = 1, &
                                                   E[X_{ij}] = 0$ 		  and th...

? 
<Re_lambda_n.pdf, id=169, 471.7625pt x 394.47375pt>
File: Re_lambda_n.pdf Graphic file (type pdf)
 <use Re_lambda_n.pdf>
Package pdftex.def Info: Re_lambda_n.pdf used on input line 480.
(pdftex.def)             Requested size: 284.52817pt x 284.52649pt.

<Im_lambda_n.pdf, id=170, 476.78125pt x 394.47375pt>
File: Im_lambda_n.pdf Graphic file (type pdf)
 <use Im_lambda_n.pdf>
Package pdftex.def Info: Im_lambda_n.pdf used on input line 482.
(pdftex.def)             Requested size: 284.54318pt x 284.52649pt.

[16 <D:/klMatrixCore/output/Im_Winger.pdf> <D:/klMatrixCore/output/Re_lambda_n.
pdf>] <DIFF.pdf, id=186, 485.815pt x 388.45125pt>
File: DIFF.pdf Graphic file (type pdf)
 <use DIFF.pdf>
Package pdftex.def Info: DIFF.pdf used on input line 490.
(pdftex.def)             Requested size: 284.52309pt x 284.53319pt.

Underfull \hbox (badness 10000) in paragraph at lines 494--507

 []


Overfull \hbox (328.07477pt too wide) in paragraph at lines 508--514
[]$\OML/cmm/m/it/10 SPDEigs \OT1/cmr/m/n/10 = []$ 
 []


Underfull \hbox (badness 10000) in paragraph at lines 508--514

 []

[17 <D:/klMatrixCore/output/Im_lambda_n.pdf> <D:/klMatrixCore/output/DIFF.pdf>]

Underfull \hbox (badness 10000) in paragraph at lines 515--528

 []


Overfull \hbox (447.95361pt too wide) in paragraph at lines 529--535
[]$\OML/cmm/m/it/10 exp\OT1/cmr/m/n/10 (\OML/cmm/m/it/10 SPD\OT1/cmr/m/n/10 )\O
ML/cmm/m/it/10 eigs \OT1/cmr/m/n/10 = []$ 
 []


Underfull \hbox (badness 10000) in paragraph at lines 529--535

 []


Overfull \hbox (368.88737pt too wide) in paragraph at lines 536--542
[]$\OML/cmm/m/it/10 log\OT1/cmr/m/n/10 (\OML/cmm/m/it/10 exp\OT1/cmr/m/n/10 (\O
ML/cmm/m/it/10 SPD\OT1/cmr/m/n/10 )\OML/cmm/m/it/10 eigs\OT1/cmr/m/n/10 ) = []$
 
 []


Underfull \hbox (badness 10000) in paragraph at lines 536--542

 []


Underfull \hbox (badness 10000) in paragraph at lines 543--556

 []


Overfull \hbox (330.2644pt too wide) in paragraph at lines 557--563
[]$\OML/cmm/m/it/10 exp\OT1/cmr/m/n/10 (\OML/cmm/m/it/10 Id\OT1/cmr/m/n/10 )\OM
L/cmm/m/it/10 eigs \OT1/cmr/m/n/10 = []$ 
 []


Underfull \hbox (badness 10000) in paragraph at lines 557--563

 []


Overfull \hbox (351.19847pt too wide) in paragraph at lines 564--570
[]$\OML/cmm/m/it/10 log\OT1/cmr/m/n/10 (\OML/cmm/m/it/10 exp\OT1/cmr/m/n/10 (\O
ML/cmm/m/it/10 Id\OT1/cmr/m/n/10 )\OML/cmm/m/it/10 eigs\OT1/cmr/m/n/10 ) = []$ 

 []


Underfull \hbox (badness 10000) in paragraph at lines 564--570

 []


Overfull \hbox (11206.62746pt too wide) in paragraph at lines 573--579
[]$\OMS/cmsy/m/n/10 j\OT1/cmr/m/n/10 (\OML/cmm/m/it/10 SPD\OT1/cmr/m/n/10 (\OML
/cmm/m/it/10 n\OT1/cmr/m/n/10 )\OML/cmm/m/it/10 Eigs \OMS/cmsy/m/n/10   \OML/cm
m/m/it/10 log\OT1/cmr/m/n/10 (\OML/cmm/m/it/10 exp\OT1/cmr/m/n/10 (\OML/cmm/m/i
t/10 SPD\OT1/cmr/m/n/10 (\OML/cmm/m/it/10 n\OT1/cmr/m/n/10 ))\OML/cmm/m/it/10 e
igs\OT1/cmr/m/n/10 )\OMS/cmsy/m/n/10 j[] \OT1/cmr/m/n/10 = []$ 
 []


Underfull \hbox (badness 10000) in paragraph at lines 573--579

 []

[18] <uniform.pdf, id=204, 492.84125pt x 404.51125pt>
File: uniform.pdf Graphic file (type pdf)
 <use uniform.pdf>
Package pdftex.def Info: uniform.pdf used on input line 588.
(pdftex.def)             Requested size: 142.26604pt x 142.26617pt.

<cauchy.pdf, id=205, 487.8225pt x 404.51125pt>
File: cauchy.pdf Graphic file (type pdf)
 <use cauchy.pdf>
Package pdftex.def Info: cauchy.pdf used on input line 594.
(pdftex.def)             Requested size: 142.26135pt x 142.26617pt.

<exponential.pdf, id=206, 484.81125pt x 404.51125pt>
File: exponential.pdf Graphic file (type pdf)
 <use exponential.pdf>
Package pdftex.def Info: exponential.pdf used on input line 600.
(pdftex.def)             Requested size: 142.26352pt x 142.26617pt.

[19 <D:/klMatrixCore/output/uniform.pdf> <D:/klMatrixCore/output/cauchy.pdf> <D
:/klMatrixCore/output/exponential.pdf>]
<gamma.pdf, id=220, 478.78876pt x 404.51125pt>
File: gamma.pdf Graphic file (type pdf)
 <use gamma.pdf>
Package pdftex.def Info: gamma.pdf used on input line 607.
(pdftex.def)             Requested size: 142.26425pt x 142.26617pt.

<GIG.pdf, id=221, 489.83pt x 404.51125pt>
File: GIG.pdf Graphic file (type pdf)
 <use GIG.pdf>
Package pdftex.def Info: GIG.pdf used on input line 613.
(pdftex.def)             Requested size: 142.26381pt x 142.26617pt.

<normal-box-muller.pdf, id=222, 486.81876pt x 404.51125pt>
File: normal-box-muller.pdf Graphic file (type pdf)

<use normal-box-muller.pdf>
Package pdftex.def Info: normal-box-muller.pdf used on input line 619.
(pdftex.def)             Requested size: 142.25835pt x 142.26617pt.
 [20 <D:/klMatrixCore/output/gamma.pdf> <D:/klMatrixCore/output/GIG.pdf> <D:/kl
MatrixCore/output/normal-box-muller.pdf>]
<normal-inverse-approximation.pdf, id=236, 486.81876pt x 404.51125pt>
File: normal-inverse-approximation.pdf Graphic file (type pdf)

<use normal-inverse-approximation.pdf>
Package pdftex.def Info: normal-inverse-approximation.pdf used on input line 62
6.
(pdftex.def)             Requested size: 142.25835pt x 142.26617pt.

<pareto.pdf, id=237, 489.83pt x 405.515pt>
File: pareto.pdf Graphic file (type pdf)
 <use pareto.pdf>
Package pdftex.def Info: pareto.pdf used on input line 632.
(pdftex.def)             Requested size: 142.26381pt x 142.2665pt.

<poisson.pdf, id=238, 489.83pt x 404.51125pt>
File: poisson.pdf Graphic file (type pdf)
 <use poisson.pdf>
Package pdftex.def Info: poisson.pdf used on input line 638.
(pdftex.def)             Requested size: 142.26381pt x 142.26617pt.
 [21 <D:/klMatrixCore/output/normal-inverse-approximation.pdf> <D:/klMatrixCore
/output/pareto.pdf> <D:/klMatrixCore/output/poisson.pdf>]
<beta.pdf, id=252, 484.81125pt x 404.51125pt>
File: beta.pdf Graphic file (type pdf)
 <use beta.pdf>
Package pdftex.def Info: beta.pdf used on input line 645.
(pdftex.def)             Requested size: 142.26352pt x 142.26617pt.
LaTeX Font Info:    Try loading font information for OMS+cmr on input line 650.


("C:\Program Files\MiKTeX 2.9\tex\latex\base\omscmr.fd"
File: omscmr.fd 1999/05/25 v2.5h Standard LaTeX font definitions
)
LaTeX Font Info:    Font shape `OMS/cmr/m/n' in size <10> not available
(Font)              Font shape `OMS/cmsy/m/n' tried instead on input line 650.

Underfull \hbox (badness 10000) in paragraph at lines 656--662

 []


Underfull \hbox (badness 10000) in paragraph at lines 663--669

 []


Underfull \hbox (badness 10000) in paragraph at lines 670--676

 []


Underfull \hbox (badness 10000) in paragraph at lines 677--678

 []


Underfull \hbox (badness 10000) in paragraph at lines 679--687

 []


Underfull \hbox (badness 10000) in paragraph at lines 688--696

 []


Underfull \hbox (badness 10000) in paragraph at lines 697--705

 []

<rv1_corr.pdf, id=253, 475.7775pt x 388.45125pt>
File: rv1_corr.pdf Graphic file (type pdf)
 <use rv1_corr.pdf>
Package pdftex.def Info: rv1_corr.pdf used on input line 714.
(pdftex.def)             Requested size: 284.53944pt x 284.53319pt.

<rv2_corr.pdf, id=254, 475.7775pt x 388.45125pt> [22 <D:/klMatrixCore/output/be
ta.pdf>]
File: rv2_corr.pdf Graphic file (type pdf)
 <use rv2_corr.pdf>
Package pdftex.def Info: rv2_corr.pdf used on input line 716.
(pdftex.def)             Requested size: 284.53944pt x 284.53319pt.
 <rv3_corr.pdf, id=261, 475.7775pt x 388.45125pt>
File: rv3_corr.pdf Graphic file (type pdf)

<use rv3_corr.pdf>
Package pdftex.def Info: rv3_corr.pdf used on input line 718.
(pdftex.def)             Requested size: 284.53944pt x 284.53319pt.
 <trainingPoints.pdf, id=262, 486.81876pt x 391.4625pt>
[23 <D:/klMatrixCore/output/rv1_corr.pdf> <D:/klMatrixCore/output/rv2_corr.pdf>
]
File: trainingPoints.pdf Graphic file (type pdf)
 <use trainingPoints.pdf>
Package pdftex.def Info: trainingPoints.pdf used on input line 720.
(pdftex.def)             Requested size: 284.52412pt x 284.54073pt.
 <testPoints.pdf, id=272, 486.81876pt x 391.4625pt>
File: testPoints.pdf Graphic file (type pdf)

<use testPoints.pdf>
Package pdftex.def Info: testPoints.pdf used on input line 728.
(pdftex.def)             Requested size: 284.52412pt x 284.54073pt.
 [24 <D:/klMatrixCore/output/rv3_corr.pdf> <D:/klMatrixCore/output/trainingPoin
ts.pdf>] <classDiffs.pdf, id=283, 485.815pt x 388.45125pt>
File: classDiffs.pdf Graphic file (type pdf)

<use classDiffs.pdf>
Package pdftex.def Info: classDiffs.pdf used on input line 751.
(pdftex.def)             Requested size: 284.52309pt x 284.53319pt.
 [25 <D:/klMatrixCore/output/testPoints.pdf> <D:/klMatrixCore/output/classDiffs
.pdf>]
Underfull \hbox (badness 10000) in paragraph at lines 763--771

 []

<regression_features.pdf, id=296, 486.81876pt x 391.4625pt>
File: regression_features.pdf Graphic file (type pdf)

<use regression_features.pdf>
Package pdftex.def Info: regression_features.pdf used on input line 772.
(pdftex.def)             Requested size: 284.52412pt x 284.54073pt.

Overfull \hbox (207.75346pt too wide) in paragraph at lines 777--848
\OT1/cmr/m/n/10 3.030 -1.633 +0.022 -2.021 +4.097 -2.208 +0.514 -3.470 -0.888 -
0.101 +0.895 +0.274 Es-ti-mate for Beta -62774385622041922000000000000000000000
00000000000000000000000000000.000
 []


Overfull \hbox (129.05911pt too wide) in paragraph at lines 777--848
\OT1/cmr/m/n/10 -62774385622041922000000000000000000000000000000000000000000000
00000.000 -6277438562204192200000000000000000000000000000000000000000000000000.
000
 []


Underfull \hbox (badness 10000) in paragraph at lines 856--873

 []


Underfull \hbox (badness 10000) in paragraph at lines 876--893

 []

[26 <D:/klMatrixCore/output/regression_features.pdf>]
Underfull \hbox (badness 10000) in paragraph at lines 894--911

 []


Underfull \hbox (badness 10000) in paragraph at lines 912--929

 []


Underfull \hbox (badness 10000) in paragraph at lines 948--965

 []


Overfull \hbox (6.72522pt too wide) in paragraph at lines 970--971
[]\OT1/cmr/m/n/10 (-1.000,+0.000), (-0.835,+0.550), (-0.835,-0.550), (-0.269,+0
.963), (-0.269,-0.963), (+0.410,+0.912), (+0.410,-0.912), (+0.136,+0.991),
 []

[27]
Underfull \hbox (badness 10000) in paragraph at lines 979--996

 []


Underfull \hbox (badness 10000) in paragraph at lines 999--1016

 []


Underfull \hbox (badness 10000) in paragraph at lines 1019--1036

 []


Underfull \hbox (badness 10000) in paragraph at lines 1039--1056

 []


Underfull \hbox (badness 10000) in paragraph at lines 1057--1074

 []

[28]
Underfull \hbox (badness 10000) in paragraph at lines 1075--1092

 []


Underfull \hbox (badness 10000) in paragraph at lines 1093--1110

 []

<PCAPoints.pdf, id=310, 486.81876pt x 391.4625pt>
File: PCAPoints.pdf Graphic file (type pdf)
 <use PCAPoints.pdf>
Package pdftex.def Info: PCAPoints.pdf used on input line 1122.
(pdftex.def)             Requested size: 284.52412pt x 284.54073pt.
 [29]
Overfull \hbox (2.54196pt too wide) in paragraph at lines 1134--1142
\OT1/cmr/m/n/10 Sample from $\OML/cmm/m/it/10 N\OT1/cmr/m/n/10 (\OML/cmm/m/it/1
0 ; \OT1/cmr/m/n/10 )$ mean= -0.002, vari-ance=+1.004, skew-ness=+0.006, kur-
to-sis=+3.003 mean= -0.001, vari-ance=+1.017, skewness=-
 []

<R_3_Normal.pdf, id=314, 486.81876pt x 391.4625pt>
File: R_3_Normal.pdf Graphic file (type pdf)
 <use R_3_Normal.pdf>
Package pdftex.def Info: R_3_Normal.pdf used on input line 1143.
(pdftex.def)             Requested size: 284.52412pt x 284.54073pt.

<R_3_Normal_Mixture.pdf, id=315, 494.84875pt x 391.4625pt>
File: R_3_Normal_Mixture.pdf Graphic file (type pdf)

<use R_3_Normal_Mixture.pdf>
Package pdftex.def Info: R_3_Normal_Mixture.pdf used on input line 1146.
(pdftex.def)             Requested size: 284.52827pt x 284.54073pt.
 [30 <D:/klMatrixCore/output/PCAPoints.pdf> <D:/klMatrixCore/output/R_3_Normal.
pdf>] [31 <D:/klMatrixCore/output/R_3_Normal_Mixture.pdf>] (D:\klMatrixCore\out
put\kl_Regression5_12_19_12_15.aux) ) 
Here is how much of TeX's memory you used:
 2998 strings out of 493921
 39909 string characters out of 3147264
 137623 words of memory out of 3000000
 6221 multiletter control sequences out of 15000+200000
 11635 words of font info for 45 fonts, out of 3000000 for 9000
 841 hyphenation exceptions out of 8191
 27i,8n,32p,2521b,197s stack positions out of 5000i,500n,10000p,200000b,50000s
<C:/Program Files/MiKTeX 2.9/fonts/type1/p
ublic/amsfonts/cm/cmbx10.pfb><C:/Program Files/MiKTeX 2.9/fonts/type1/public/am
sfonts/cm/cmex10.pfb><C:/Program Files/MiKTeX 2.9/fonts/type1/public/amsfonts/c
m/cmmi10.pfb><C:/Program Files/MiKTeX 2.9/fonts/type1/public/amsfonts/cm/cmmi7.
pfb><C:/Program Files/MiKTeX 2.9/fonts/type1/public/amsfonts/cm/cmr10.pfb><C:/P
rogram Files/MiKTeX 2.9/fonts/type1/public/amsfonts/cm/cmr12.pfb><C:/Program Fi
les/MiKTeX 2.9/fonts/type1/public/amsfonts/cm/cmr17.pfb><C:/Program Files/MiKTe
X 2.9/fonts/type1/public/amsfonts/cm/cmr5.pfb><C:/Program Files/MiKTeX 2.9/font
s/type1/public/amsfonts/cm/cmr7.pfb><C:/Program Files/MiKTeX 2.9/fonts/type1/pu
blic/amsfonts/cm/cmsy10.pfb><C:/Program Files/MiKTeX 2.9/fonts/type1/public/ams
fonts/cm/cmsy5.pfb><C:/Program Files/MiKTeX 2.9/fonts/type1/public/amsfonts/cm/
cmsy7.pfb><C:/Program Files/MiKTeX 2.9/fonts/type1/public/amsfonts/cm/cmti7.pfb
><C:/Program Files/MiKTeX 2.9/fonts/type1/public/amsfonts/symbols/msbm10.pfb>
Output written on kl_Regression5_12_19_12_15.pdf (31 pages, 5601716 bytes).
PDF statistics:
 379 PDF objects out of 1000 (max. 8388607)
 0 named destinations out of 1000 (max. 500000)
 236 words of extra memory for PDF output out of 10000 (max. 10000000)

